Device Grade = industrial
Process Type = typical
Junction Temp = 25.8 (C)
Ambient Temp = 25.0 (C)
ThetaJa = 1.73
ThetaSa = 2.8 (C/W)
ThetaJb = 2.1 (C/W)
Airflow = 250 (LFM)
Heat Sink Type = medium (Medium Profile)
Board Type = medium (10"x10")
Board Temp = 25.0 (C)
Number Of Board Layers = 12to15 (12 to 15 Layers)
Vccint = 0.850 V
Vccint_io = 0.850 V
Vccbram = 0.850 V
Vccaux = 1.800 V
Vccaux_io = 1.800 V
Vcco33 = 3.300 V
Vcco25 = 2.500 V
Vcco18 = 1.800 V
Vcco15 = 1.500 V
Vcco135 = 1.350 V
Vcco12 = 1.200 V
Vcco10 = 1.000 V
Vccadc = 1.800 V
VMGTAVCC = 0.900 V
VMGTAVTT = 1.200 V
VMGTVCCAUX = 1.800 V
{{Vccint 0.825V 0.850V 0.875V}
 {Vccint_io 0.825V 0.850V 0.875V}
 {Vccbram 0.825V 0.850V 0.875V}
 {Vccaux 1.746V 1.800V 1.854V}
 {Vccaux_io 1.746V 1.800V 1.854V}
 {Vcco33 3.201V 3.300V 3.399V}
 {Vcco25 2.425V 2.500V 2.575V}
 {Vcco18 1.746V 1.800V 1.854V}
 {Vcco15 1.455V 1.500V 1.545V}
 {Vcco135 1.310V 1.350V 1.391V}
 {Vcco12 1.164V 1.200V 1.236V}
 {Vcco10 0.970V 1.000V 1.030V}
 {Vccadc 1.746V 1.800V 1.854V}
 {VMGTAVCC 0.873V 0.900V 0.927V}
 {VMGTAVTT 1.164V 1.200V 1.236V}
 {VMGTVCCAUX 1.746V 1.800V 1.854V}}
Design Power Budget = Unspecified
Supply Current Budget: Vccint = Unspecified
Supply Current Budget: Vccint_io = Unspecified
Supply Current Budget: Vccbram = Unspecified
Supply Current Budget: Vccaux = Unspecified
Supply Current Budget: Vccaux_io = Unspecified
Supply Current Budget: Vcco33 = Unspecified
Supply Current Budget: Vcco25 = Unspecified
Supply Current Budget: Vcco18 = Unspecified
Supply Current Budget: Vcco15 = Unspecified
Supply Current Budget: Vcco135 = Unspecified
Supply Current Budget: Vcco12 = Unspecified
Supply Current Budget: Vcco10 = Unspecified
Supply Current Budget: Vccadc = Unspecified
Supply Current Budget: VMGTAVCC = Unspecified
Supply Current Budget: VMGTAVTT = Unspecified
Supply Current Budget: VMGTVCCAUX = Unspecified
