Copyright 1986-2022 Xilinx, Inc. All Rights Reserved. Copyright 2022-2025 Advanced Micro Devices, Inc. All Rights Reserved.
-------------------------------------------------------------------------------------------------------------------------------------------------
| Tool Version     : Vivado v.2025.2 (lin64) Build 6299465 Fri Nov 14 12:34:56 MST 2025
| Date             : Mon Apr 20 02:48:13 2026
| Host             : localhost.localdomain running 64-bit Mageia 9
| Command          : report_power -file power.rpt
| Design           : top
| Device           : xcku5p-ffvb676-2-i
| Design State     : routed
| Grade            : industrial
| Process          : typical
| Characterization : Production
-------------------------------------------------------------------------------------------------------------------------------------------------

Power Report

Table of Contents
-----------------
1. Summary
1.1 On-Chip Components
1.2 Power Supply Summary
1.3 Confidence Level
2. Settings
2.1 Environment
2.2 Clock Constraints
3. Detailed Reports
3.1 By Hierarchy

1. Summary
----------

+--------------------------+--------------+
| Total On-Chip Power (W)  | 1.421        |
| Design Power Budget (W)  | Unspecified* |
| Power Budget Margin (W)  | NA           |
| Dynamic (W)              | 0.941        |
| Device Static (W)        | 0.480        |
| Effective TJA (C/W)      | 1.7          |
| Max Ambient (C)          | 97.5         |
| Junction Temperature (C) | 27.5         |
| Confidence Level         | Low          |
| Setting File             | ---          |
| Simulation Activity File | ---          |
| Design Nets Matched      | NA           |
+--------------------------+--------------+
* Specify Design Power Budget using, set_operating_conditions -design_power_budget <value in Watts>


1.1 On-Chip Components
----------------------

+--------------------------+-----------+----------+-----------+-----------------+
| On-Chip                  | Power (W) | Used     | Available | Utilization (%) |
+--------------------------+-----------+----------+-----------+-----------------+
| Clocks                   |     0.146 |       15 |       --- |             --- |
| CLB Logic                |     0.047 |    33998 |       --- |             --- |
|   LUT as Distributed RAM |     0.022 |      856 |     99840 |            0.86 |
|   LUT as Logic           |     0.021 |    11098 |    216960 |            5.12 |
|   Register               |     0.002 |    16198 |    433920 |            3.73 |
|   LUT as Shift Register  |     0.002 |      337 |     99840 |            0.34 |
|   CARRY8                 |    <0.001 |       79 |     27120 |            0.29 |
|   Others                 |    <0.001 |      978 |       --- |             --- |
|   F7/F8 Muxes            |     0.000 |      239 |    216960 |            0.11 |
| Signals                  |     0.035 |    37335 |       --- |             --- |
| Block RAM                |     0.021 |     25.5 |       480 |            5.31 |
| MMCM                     |     0.092 |        0 |       --- |             --- |
| PLL                      |     0.124 |        2 |       --- |             --- |
| DSPs                     |    <0.001 |        3 |      1824 |            0.16 |
| I/O                      |     0.475 |       83 |       280 |           29.64 |
| Static Power             |     0.480 |          |           |                 |
| Total                    |     1.421 |          |           |                 |
+--------------------------+-----------+----------+-----------+-----------------+


1.2 Power Supply Summary
------------------------

+------------------+-------------+-----------+-------------+------------+-------------+-------------+------------+
| Source           | Voltage (V) | Total (A) | Dynamic (A) | Static (A) | Powerup (A) | Budget (A)  | Margin (A) |
+------------------+-------------+-----------+-------------+------------+-------------+-------------+------------+
| Vccint           |       0.850 |     0.449 |       0.302 |      0.147 |       NA    | Unspecified | NA         |
| Vccint_io        |       0.850 |     0.280 |       0.244 |      0.036 |       NA    | Unspecified | NA         |
| Vccbram          |       0.850 |     0.003 |       0.001 |      0.002 |       NA    | Unspecified | NA         |
| Vccaux           |       1.800 |     0.244 |       0.116 |      0.128 |       NA    | Unspecified | NA         |
| Vccaux_io        |       1.800 |     0.120 |       0.089 |      0.031 |       NA    | Unspecified | NA         |
| Vcco33           |       3.300 |     0.020 |       0.013 |      0.007 |       NA    | Unspecified | NA         |
| Vcco25           |       2.500 |     0.000 |       0.000 |      0.000 |       NA    | Unspecified | NA         |
| Vcco18           |       1.800 |     0.000 |       0.000 |      0.000 |       NA    | Unspecified | NA         |
| Vcco15           |       1.500 |     0.000 |       0.000 |      0.000 |       NA    | Unspecified | NA         |
| Vcco135          |       1.350 |     0.000 |       0.000 |      0.000 |       NA    | Unspecified | NA         |
| Vcco12           |       1.200 |     0.053 |       0.053 |      0.000 |       NA    | Unspecified | NA         |
| Vcco10           |       1.000 |     0.000 |       0.000 |      0.000 |       NA    | Unspecified | NA         |
| Vccadc           |       1.800 |     0.008 |       0.000 |      0.008 |       NA    | Unspecified | NA         |
| VMGTAVCC (GTY)   |       0.900 |     0.000 |       0.000 |      0.000 |       NA    | Unspecified | NA         |
| VMGTAVTT (GTY)   |       1.200 |     0.000 |       0.000 |      0.000 |       NA    | Unspecified | NA         |
| VMGTVCCAUX (GTY) |       1.800 |     0.000 |       0.000 |      0.000 |       NA    | Unspecified | NA         |
+------------------+-------------+-----------+-------------+------------+-------------+-------------+------------+


1.3 Confidence Level
--------------------

+-----------------------------+------------+--------------------------------------------------------+------------------------------------------------------------------------------------------------------------+
| User Input Data             | Confidence | Details                                                | Action                                                                                                     |
+-----------------------------+------------+--------------------------------------------------------+------------------------------------------------------------------------------------------------------------+
| Design implementation state | High       | Design is routed                                       |                                                                                                            |
| Clock nodes activity        | High       | User specified more than 95% of clocks                 |                                                                                                            |
| I/O nodes activity          | Low        | More than 75% of inputs are missing user specification | Provide missing input activity with simulation results or by editing the "By Resource Type -> I/Os" view   |
| Internal nodes activity     | Medium     | User specified less than 25% of internal nodes         | Provide missing internal nodes activity with simulation results or by editing the "By Resource Type" views |
| Device models               | High       | Device models are Production                           |                                                                                                            |
|                             |            |                                                        |                                                                                                            |
| Overall confidence level    | Low        |                                                        |                                                                                                            |
+-----------------------------+------------+--------------------------------------------------------+------------------------------------------------------------------------------------------------------------+


2. Settings
-----------

2.1 Environment
---------------

+-----------------------+--------------------------+
| Ambient Temp (C)      | 25.0                     |
| ThetaJA (C/W)         | 1.7                      |
| Airflow (LFM)         | 250                      |
| Heat Sink             | medium (Medium Profile)  |
| ThetaSA (C/W)         | 2.8                      |
| Board Selection       | medium (10"x10")         |
| # of Board Layers     | 12to15 (12 to 15 Layers) |
| Board Temperature (C) | 25.0                     |
+-----------------------+--------------------------+


2.2 Clock Constraints
---------------------

+-----------------------------------------------------------------------------------------------------+--------------------------------------------------------------------------------------------------------------------------------------------------------------------------------------------------+-----------------+
| Clock                                                                                               | Domain                                                                                                                                                                                           | Constraint (ns) |
+-----------------------------------------------------------------------------------------------------+--------------------------------------------------------------------------------------------------------------------------------------------------------------------------------------------------+-----------------+
| dbg_hub/inst/BSCANID.u_xsdbm_id/SWITCH_N_EXT_BSCAN.bscan_inst/SERIES7_BSCAN.bscan_inst/INTERNAL_TCK | dbg_hub/inst/BSCANID.u_xsdbm_id/SWITCH_N_EXT_BSCAN.bscan_inst/DRCK                                                                                                                               |            50.0 |
| mmcm_clkout0                                                                                        | u_ddr4/inst/u_ddr4_infrastructure/mmcm_clkout0                                                                                                                                                   |             3.0 |
| mmcm_clkout1                                                                                        | u_ddr4/inst/u_ddr4_infrastructure/mmcm_clkout1                                                                                                                                                   |            10.0 |
| mmcm_clkout2                                                                                        | u_ddr4/inst/u_ddr4_infrastructure/mmcm_clkout2                                                                                                                                                   |             3.0 |
| mmcm_clkout3                                                                                        | u_ddr4/inst/u_ddr4_infrastructure/mmcm_clkout3                                                                                                                                                   |             3.0 |
| mmcm_clkout4                                                                                        | u_ddr4/inst/u_ddr4_infrastructure/mmcm_clkout4                                                                                                                                                   |             3.0 |
| mmcm_clkout5                                                                                        | u_ddr4/inst/u_ddr4_infrastructure/mmcm_clkout5                                                                                                                                                   |            12.0 |
| mmcm_clkout6                                                                                        | u_ddr4/inst/u_ddr4_infrastructure/mmcm_clkout6                                                                                                                                                   |             6.0 |
| pll_clk[0]                                                                                          | u_ddr4/inst/u_ddr4_mem_intfc/u_mig_ddr4_phy/inst/u_ddr4_phy_pll/pll_clk[0]                                                                                                                       |             0.4 |
| pll_clk[0]_DIV                                                                                      | u_ddr4/inst/u_ddr4_mem_intfc/u_mig_ddr4_phy/inst/generate_block1.u_ddr_xiphy/byte_num[0].xiphy_byte_wrapper.u_xiphy_byte_wrapper/I_CONTROL[0].GEN_I_CONTROL.u_xiphy_control/TX_BIT_CTRL_OUT0[26] |             3.0 |
| pll_clk[1]                                                                                          | u_ddr4/inst/u_ddr4_mem_intfc/u_mig_ddr4_phy/inst/u_ddr4_phy_pll/pll_clk[1]                                                                                                                       |             0.4 |
| pll_clk[1]_DIV                                                                                      | u_ddr4/inst/u_ddr4_mem_intfc/u_mig_ddr4_phy/inst/generate_block1.u_ddr_xiphy/byte_num[5].xiphy_byte_wrapper.u_xiphy_byte_wrapper/I_CONTROL[0].GEN_I_CONTROL.u_xiphy_control/TX_BIT_CTRL_OUT0[26] |             3.0 |
| sys_clk_p                                                                                           | sys_clk_p                                                                                                                                                                                        |             5.0 |
+-----------------------------------------------------------------------------------------------------+--------------------------------------------------------------------------------------------------------------------------------------------------------------------------------------------------+-----------------+


3. Detailed Reports
-------------------

3.1 By Hierarchy
----------------

+-----------------------------------------------------+-----------+
| Name                                                | Power (W) |
+-----------------------------------------------------+-----------+
| top                                                 |     0.941 |
|   dbg_hub                                           |     0.003 |
|     inst                                            |     0.003 |
|       BSCANID.u_xsdbm_id                            |     0.003 |
|   key_IBUF[2]_inst                                  |     0.004 |
|   key_IBUF[3]_inst                                  |     0.004 |
|   u_bridge                                          |     0.005 |
|     u_fifo_rx                                       |     0.001 |
|     u_uart                                          |     0.002 |
|   u_clk_conv                                        |     0.019 |
|     inst                                            |     0.019 |
|       gen_clock_conv.gen_async_conv.asyncfifo_axi   |     0.019 |
|   u_ddr4                                            |     0.853 |
|     inst                                            |     0.853 |
|       u_ddr4_infrastructure                         |     0.095 |
|       u_ddr4_mem_intfc                              |     0.744 |
|       u_ddr_axi                                     |     0.013 |
|   u_dwidth_conv                                     |     0.006 |
|     inst                                            |     0.006 |
|       gen_upsizer.gen_full_upsizer.axi_upsizer_inst |     0.006 |
+-----------------------------------------------------+-----------+


