Copyright 1986-2022 Xilinx, Inc. All Rights Reserved. Copyright 2022-2025 Advanced Micro Devices, Inc. All Rights Reserved.
--------------------------------------------------------------------------------------------------------------------------------------------------
| Tool Version      : Vivado v.2025.2 (lin64) Build 6299465 Fri Nov 14 12:34:56 MST 2025
| Date              : Fri Apr 17 20:09:19 2026
| Host              : localhost.localdomain running 64-bit Mageia 9
| Command           : report_timing_summary -file timing.rpt
| Design            : top
| Device            : xcku5p-ffvb676
| Speed File        : -2  PRODUCTION 1.29 05-01-2022
| Design State      : Routed
| Temperature Grade : I
--------------------------------------------------------------------------------------------------------------------------------------------------

Timing Summary Report

------------------------------------------------------------------------------------------------
| Timer Settings
| --------------
------------------------------------------------------------------------------------------------

  Enable Multi Corner Analysis               :  Yes
  Enable Pessimism Removal                   :  Yes
  Pessimism Removal Resolution               :  Nearest Common Node
  Enable Input Delay Default Clock           :  No
  Enable Preset / Clear Arcs                 :  No
  Disable Flight Delays                      :  No
  Ignore I/O Paths                           :  No
  Timing Early Launch at Borrowing Latches   :  No
  Borrow Time for Max Delay Exceptions       :  Yes
  Merge Timing Exceptions                    :  Yes
  Inter-SLR Compensation                     :  Conservative

  Corner  Analyze    Analyze    
  Name    Max Paths  Min Paths  
  ------  ---------  ---------  
  Slow    Yes        Yes        
  Fast    Yes        Yes        


------------------------------------------------------------------------------------------------
| Report Methodology
| ------------------
------------------------------------------------------------------------------------------------

No report available as report_methodology has not been run prior. Run report_methodology on the current design for the summary of methodology violations.



check_timing report

Table of Contents
-----------------
1. checking no_clock (697)
2. checking constant_clock (0)
3. checking pulse_width_clock (0)
4. checking unconstrained_internal_endpoints (2940)
5. checking no_input_delay (2)
6. checking no_output_delay (1)
7. checking multiple_clock (0)
8. checking generated_clocks (0)
9. checking loops (0)
10. checking partial_input_delay (0)
11. checking partial_output_delay (0)
12. checking latch_loops (0)

1. checking no_clock (697)
--------------------------
 There are 670 register/latch pins with no clock driven by root clock pin: clk_100_reg/Q (HIGH)

 There is 1 register/latch pin with no clock driven by root clock pin: div_led_inst/GEN_STAGE[0].INPUT.FDCE_inst/Q (HIGH)

 There is 1 register/latch pin with no clock driven by root clock pin: div_led_inst/GEN_STAGE[10].OTHER.FDCE_inst/Q (HIGH)

 There is 1 register/latch pin with no clock driven by root clock pin: div_led_inst/GEN_STAGE[11].OTHER.FDCE_inst/Q (HIGH)

 There is 1 register/latch pin with no clock driven by root clock pin: div_led_inst/GEN_STAGE[12].OTHER.FDCE_inst/Q (HIGH)

 There is 1 register/latch pin with no clock driven by root clock pin: div_led_inst/GEN_STAGE[13].OTHER.FDCE_inst/Q (HIGH)

 There is 1 register/latch pin with no clock driven by root clock pin: div_led_inst/GEN_STAGE[14].OTHER.FDCE_inst/Q (HIGH)

 There is 1 register/latch pin with no clock driven by root clock pin: div_led_inst/GEN_STAGE[15].OTHER.FDCE_inst/Q (HIGH)

 There is 1 register/latch pin with no clock driven by root clock pin: div_led_inst/GEN_STAGE[16].OTHER.FDCE_inst/Q (HIGH)

 There is 1 register/latch pin with no clock driven by root clock pin: div_led_inst/GEN_STAGE[17].OTHER.FDCE_inst/Q (HIGH)

 There is 1 register/latch pin with no clock driven by root clock pin: div_led_inst/GEN_STAGE[18].OTHER.FDCE_inst/Q (HIGH)

 There is 1 register/latch pin with no clock driven by root clock pin: div_led_inst/GEN_STAGE[19].OTHER.FDCE_inst/Q (HIGH)

 There is 1 register/latch pin with no clock driven by root clock pin: div_led_inst/GEN_STAGE[1].OTHER.FDCE_inst/Q (HIGH)

 There is 1 register/latch pin with no clock driven by root clock pin: div_led_inst/GEN_STAGE[20].OTHER.FDCE_inst/Q (HIGH)

 There is 1 register/latch pin with no clock driven by root clock pin: div_led_inst/GEN_STAGE[21].OTHER.FDCE_inst/Q (HIGH)

 There is 1 register/latch pin with no clock driven by root clock pin: div_led_inst/GEN_STAGE[22].OTHER.FDCE_inst/Q (HIGH)

 There is 1 register/latch pin with no clock driven by root clock pin: div_led_inst/GEN_STAGE[23].OTHER.FDCE_inst/Q (HIGH)

 There is 1 register/latch pin with no clock driven by root clock pin: div_led_inst/GEN_STAGE[24].OTHER.FDCE_inst/Q (HIGH)

 There is 1 register/latch pin with no clock driven by root clock pin: div_led_inst/GEN_STAGE[25].OTHER.FDCE_inst/Q (HIGH)

 There is 1 register/latch pin with no clock driven by root clock pin: div_led_inst/GEN_STAGE[26].OTHER.FDCE_inst/Q (HIGH)

 There is 1 register/latch pin with no clock driven by root clock pin: div_led_inst/GEN_STAGE[2].OTHER.FDCE_inst/Q (HIGH)

 There is 1 register/latch pin with no clock driven by root clock pin: div_led_inst/GEN_STAGE[3].OTHER.FDCE_inst/Q (HIGH)

 There is 1 register/latch pin with no clock driven by root clock pin: div_led_inst/GEN_STAGE[4].OTHER.FDCE_inst/Q (HIGH)

 There is 1 register/latch pin with no clock driven by root clock pin: div_led_inst/GEN_STAGE[5].OTHER.FDCE_inst/Q (HIGH)

 There is 1 register/latch pin with no clock driven by root clock pin: div_led_inst/GEN_STAGE[6].OTHER.FDCE_inst/Q (HIGH)

 There is 1 register/latch pin with no clock driven by root clock pin: div_led_inst/GEN_STAGE[7].OTHER.FDCE_inst/Q (HIGH)

 There is 1 register/latch pin with no clock driven by root clock pin: div_led_inst/GEN_STAGE[8].OTHER.FDCE_inst/Q (HIGH)

 There is 1 register/latch pin with no clock driven by root clock pin: div_led_inst/GEN_STAGE[9].OTHER.FDCE_inst/Q (HIGH)


2. checking constant_clock (0)
------------------------------
 There are 0 register/latch pins with constant_clock.


3. checking pulse_width_clock (0)
---------------------------------
 There are 0 register/latch pins which need pulse_width check


4. checking unconstrained_internal_endpoints (2940)
---------------------------------------------------
 There are 2940 pins that are not constrained for maximum delay. (HIGH)

 There are 0 pins that are not constrained for maximum delay due to constant clock.


5. checking no_input_delay (2)
------------------------------
 There are 2 input ports with no input delay specified. (HIGH)

 There are 0 input ports with no input delay but user has a false path constraint.


6. checking no_output_delay (1)
-------------------------------
 There is 1 port with no output delay specified. (HIGH)

 There are 0 ports with no output delay but user has a false path constraint

 There are 0 ports with no output delay but with a timing clock defined on it or propagating through it


7. checking multiple_clock (0)
------------------------------
 There are 0 register/latch pins with multiple clocks.


8. checking generated_clocks (0)
--------------------------------
 There are 0 generated clocks that are not connected to a clock source.


9. checking loops (0)
---------------------
 There are 0 combinational loops in the design.


10. checking partial_input_delay (0)
------------------------------------
 There are 0 input ports with partial input delay specified.


11. checking partial_output_delay (0)
-------------------------------------
 There are 0 ports with partial output delay specified.


12. checking latch_loops (0)
----------------------------
 There are 0 combinational latch loops in the design through latch input



------------------------------------------------------------------------------------------------
| Design Timing Summary
| ---------------------
------------------------------------------------------------------------------------------------

    WNS(ns)      TNS(ns)  TNS Failing Endpoints  TNS Total Endpoints      WHS(ns)      THS(ns)  THS Failing Endpoints  THS Total Endpoints     WPWS(ns)     TPWS(ns)  TPWS Failing Endpoints  TPWS Total Endpoints  
    -------      -------  ---------------------  -------------------      -------      -------  ---------------------  -------------------     --------     --------  ----------------------  --------------------  
      4.567        0.000                      0                    1        0.118        0.000                      0                    1        2.225        0.000                       0                     2  


All user specified timing constraints are met.


------------------------------------------------------------------------------------------------
| Clock Summary
| -------------
------------------------------------------------------------------------------------------------

Clock    Waveform(ns)         Period(ns)      Frequency(MHz)
-----    ------------         ----------      --------------
sys_clk  {0.000 2.500}        5.000           200.000         


------------------------------------------------------------------------------------------------
| Intra Clock Table
| -----------------
------------------------------------------------------------------------------------------------

Clock             WNS(ns)      TNS(ns)  TNS Failing Endpoints  TNS Total Endpoints      WHS(ns)      THS(ns)  THS Failing Endpoints  THS Total Endpoints     WPWS(ns)     TPWS(ns)  TPWS Failing Endpoints  TPWS Total Endpoints  
-----             -------      -------  ---------------------  -------------------      -------      -------  ---------------------  -------------------     --------     --------  ----------------------  --------------------  
sys_clk             4.567        0.000                      0                    1        0.118        0.000                      0                    1        2.225        0.000                       0                     2  


------------------------------------------------------------------------------------------------
| Inter Clock Table
| -----------------
------------------------------------------------------------------------------------------------

From Clock    To Clock          WNS(ns)      TNS(ns)  TNS Failing Endpoints  TNS Total Endpoints      WHS(ns)      THS(ns)  THS Failing Endpoints  THS Total Endpoints  
----------    --------          -------      -------  ---------------------  -------------------      -------      -------  ---------------------  -------------------  


------------------------------------------------------------------------------------------------
| Other Path Groups Table
| -----------------------
------------------------------------------------------------------------------------------------

Path Group    From Clock    To Clock          WNS(ns)      TNS(ns)  TNS Failing Endpoints  TNS Total Endpoints      WHS(ns)      THS(ns)  THS Failing Endpoints  THS Total Endpoints  
----------    ----------    --------          -------      -------  ---------------------  -------------------      -------      -------  ---------------------  -------------------  


------------------------------------------------------------------------------------------------
| Timing Details
| --------------
------------------------------------------------------------------------------------------------


---------------------------------------------------------------------------------------------------
From Clock:  sys_clk
  To Clock:  sys_clk

Setup :            0  Failing Endpoints,  Worst Slack        4.567ns,  Total Violation        0.000ns
Hold  :            0  Failing Endpoints,  Worst Slack        0.118ns,  Total Violation        0.000ns
PW    :            0  Failing Endpoints,  Worst Slack        2.225ns,  Total Violation        0.000ns
---------------------------------------------------------------------------------------------------


Max Delay Paths
--------------------------------------------------------------------------------------
Slack (MET) :             4.567ns  (required time - arrival time)
  Source:                 clk_100_reg/C
                            (rising edge-triggered cell FDCE clocked by sys_clk  {rise@0.000ns fall@2.500ns period=5.000ns})
  Destination:            clk_100_reg/D
                            (rising edge-triggered cell FDCE clocked by sys_clk  {rise@0.000ns fall@2.500ns period=5.000ns})
  Path Group:             sys_clk
  Path Type:              Setup (Max at Slow Process Corner)
  Requirement:            5.000ns  (sys_clk rise@5.000ns - sys_clk rise@0.000ns)
  Data Path Delay:        0.415ns  (logic 0.214ns (51.581%)  route 0.201ns (48.419%))
  Logic Levels:           1  (LUT1=1)
  Clock Path Skew:        -0.008ns (DCD - SCD + CPR)
    Destination Clock Delay (DCD):    2.133ns = ( 7.133 - 5.000 ) 
    Source Clock Delay      (SCD):    2.478ns
    Clock Pessimism Removal (CPR):    0.337ns
  Clock Uncertainty:      0.035ns  ((TSJ^2 + TIJ^2)^1/2 + DJ) / 2 + PE
    Total System Jitter     (TSJ):    0.071ns
    Total Input Jitter      (TIJ):    0.000ns
    Discrete Jitter          (DJ):    0.000ns
    Phase Error              (PE):    0.000ns
  Clock Net Delay (Source):      1.500ns (routing 0.696ns, distribution 0.804ns)
  Clock Net Delay (Destination): 1.324ns (routing 0.630ns, distribution 0.694ns)

    Location             Delay type                Incr(ns)  Path(ns)    Netlist Resource(s)
  -------------------------------------------------------------------    -------------------
                         (clock sys_clk rise edge)    0.000     0.000 r  
    T24                                               0.000     0.000 r  sys_clk_p (IN)
                         net (fo=0)                   0.100     0.100    IBUFGDS_inst/I
    HPIOBDIFFINBUF_X0Y36 DIFFINBUF (Prop_DIFFINBUF_HPIOBDIFFINBUF_DIFF_IN_P_O)
                                                      0.465     0.565 r  IBUFGDS_inst/DIFFINBUF_INST/O
                         net (fo=1, routed)           0.050     0.615    IBUFGDS_inst/OUT
    T24                  IBUFCTRL (Prop_IBUFCTRL_HPIOB_M_I_O)
                                                      0.000     0.615 r  IBUFGDS_inst/IBUFCTRL_INST/O
                         net (fo=1, routed)           0.335     0.950    clk_200
    BUFGCE_X0Y30         BUFGCE (Prop_BUFCE_BUFGCE_I_O)
                                                      0.028     0.978 r  clk_200_BUFG_inst/O
    X0Y0 (CLOCK_ROOT)    net (fo=1, routed)           1.500     2.478    clk_200_BUFG
    SLICE_X0Y31          FDCE                                         r  clk_100_reg/C
  -------------------------------------------------------------------    -------------------
    SLICE_X0Y31          FDCE (Prop_DFF2_SLICEL_C_Q)
                                                      0.081     2.559 f  clk_100_reg/Q
                         net (fo=2, routed)           0.186     2.745    s_axi_aclk
    SLICE_X0Y31          LUT1 (Prop_D5LUT_SLICEL_I0_O)
                                                      0.133     2.878 r  clk_100_i_1/O
                         net (fo=1, routed)           0.015     2.893    p_0_in
    SLICE_X0Y31          FDCE                                         r  clk_100_reg/D
  -------------------------------------------------------------------    -------------------

                         (clock sys_clk rise edge)    5.000     5.000 r  
    T24                                               0.000     5.000 r  sys_clk_p (IN)
                         net (fo=0)                   0.079     5.079    IBUFGDS_inst/I
    HPIOBDIFFINBUF_X0Y36 DIFFINBUF (Prop_DIFFINBUF_HPIOBDIFFINBUF_DIFF_IN_P_O)
                                                      0.369     5.448 r  IBUFGDS_inst/DIFFINBUF_INST/O
                         net (fo=1, routed)           0.040     5.488    IBUFGDS_inst/OUT
    T24                  IBUFCTRL (Prop_IBUFCTRL_HPIOB_M_I_O)
                                                      0.000     5.488 r  IBUFGDS_inst/IBUFCTRL_INST/O
                         net (fo=1, routed)           0.297     5.785    clk_200
    BUFGCE_X0Y30         BUFGCE (Prop_BUFCE_BUFGCE_I_O)
                                                      0.024     5.809 r  clk_200_BUFG_inst/O
    X0Y0 (CLOCK_ROOT)    net (fo=1, routed)           1.324     7.133    clk_200_BUFG
    SLICE_X0Y31          FDCE                                         r  clk_100_reg/C
                         clock pessimism              0.337     7.470    
                         clock uncertainty           -0.035     7.434    
    SLICE_X0Y31          FDCE (Setup_DFF2_SLICEL_C_D)
                                                      0.025     7.459    clk_100_reg
  -------------------------------------------------------------------
                         required time                          7.459    
                         arrival time                          -2.893    
  -------------------------------------------------------------------
                         slack                                  4.567    





Min Delay Paths
--------------------------------------------------------------------------------------
Slack (MET) :             0.118ns  (arrival time - required time)
  Source:                 clk_100_reg/C
                            (rising edge-triggered cell FDCE clocked by sys_clk  {rise@0.000ns fall@2.500ns period=5.000ns})
  Destination:            clk_100_reg/D
                            (rising edge-triggered cell FDCE clocked by sys_clk  {rise@0.000ns fall@2.500ns period=5.000ns})
  Path Group:             sys_clk
  Path Type:              Hold (Min at Fast Process Corner)
  Requirement:            0.000ns  (sys_clk rise@0.000ns - sys_clk rise@0.000ns)
  Data Path Delay:        0.171ns  (logic 0.089ns (51.973%)  route 0.082ns (48.027%))
  Logic Levels:           1  (LUT1=1)
  Clock Path Skew:        0.006ns (DCD - SCD - CPR)
    Destination Clock Delay (DCD):    1.624ns
    Source Clock Delay      (SCD):    1.345ns
    Clock Pessimism Removal (CPR):    0.273ns
  Clock Net Delay (Source):      0.835ns (routing 0.385ns, distribution 0.450ns)
  Clock Net Delay (Destination): 0.950ns (routing 0.432ns, distribution 0.518ns)

    Location             Delay type                Incr(ns)  Path(ns)    Netlist Resource(s)
  -------------------------------------------------------------------    -------------------
                         (clock sys_clk rise edge)    0.000     0.000 r  
    T24                                               0.000     0.000 r  sys_clk_p (IN)
                         net (fo=0)                   0.079     0.079    IBUFGDS_inst/I
    HPIOBDIFFINBUF_X0Y36 DIFFINBUF (Prop_DIFFINBUF_HPIOBDIFFINBUF_DIFF_IN_P_O)
                                                      0.224     0.303 r  IBUFGDS_inst/DIFFINBUF_INST/O
                         net (fo=1, routed)           0.040     0.343    IBUFGDS_inst/OUT
    T24                  IBUFCTRL (Prop_IBUFCTRL_HPIOB_M_I_O)
                                                      0.000     0.343 r  IBUFGDS_inst/IBUFCTRL_INST/O
                         net (fo=1, routed)           0.150     0.493    clk_200
    BUFGCE_X0Y30         BUFGCE (Prop_BUFCE_BUFGCE_I_O)
                                                      0.017     0.510 r  clk_200_BUFG_inst/O
    X0Y0 (CLOCK_ROOT)    net (fo=1, routed)           0.835     1.345    clk_200_BUFG
    SLICE_X0Y31          FDCE                                         r  clk_100_reg/C
  -------------------------------------------------------------------    -------------------
    SLICE_X0Y31          FDCE (Prop_DFF2_SLICEL_C_Q)
                                                      0.041     1.386 f  clk_100_reg/Q
                         net (fo=2, routed)           0.076     1.462    s_axi_aclk
    SLICE_X0Y31          LUT1 (Prop_D5LUT_SLICEL_I0_O)
                                                      0.048     1.510 r  clk_100_i_1/O
                         net (fo=1, routed)           0.006     1.516    p_0_in
    SLICE_X0Y31          FDCE                                         r  clk_100_reg/D
  -------------------------------------------------------------------    -------------------

                         (clock sys_clk rise edge)    0.000     0.000 r  
    T24                                               0.000     0.000 r  sys_clk_p (IN)
                         net (fo=0)                   0.100     0.100    IBUFGDS_inst/I
    HPIOBDIFFINBUF_X0Y36 DIFFINBUF (Prop_DIFFINBUF_HPIOBDIFFINBUF_DIFF_IN_P_O)
                                                      0.322     0.422 r  IBUFGDS_inst/DIFFINBUF_INST/O
                         net (fo=1, routed)           0.050     0.472    IBUFGDS_inst/OUT
    T24                  IBUFCTRL (Prop_IBUFCTRL_HPIOB_M_I_O)
                                                      0.000     0.472 r  IBUFGDS_inst/IBUFCTRL_INST/O
                         net (fo=1, routed)           0.183     0.655    clk_200
    BUFGCE_X0Y30         BUFGCE (Prop_BUFCE_BUFGCE_I_O)
                                                      0.019     0.674 r  clk_200_BUFG_inst/O
    X0Y0 (CLOCK_ROOT)    net (fo=1, routed)           0.950     1.624    clk_200_BUFG
    SLICE_X0Y31          FDCE                                         r  clk_100_reg/C
                         clock pessimism             -0.273     1.351    
    SLICE_X0Y31          FDCE (Hold_DFF2_SLICEL_C_D)
                                                      0.047     1.398    clk_100_reg
  -------------------------------------------------------------------
                         required time                         -1.398    
                         arrival time                           1.516    
  -------------------------------------------------------------------
                         slack                                  0.118    





Pulse Width Checks
--------------------------------------------------------------------------------------
Clock Name:         sys_clk
Waveform(ns):       { 0.000 2.500 }
Period(ns):         5.000
Sources:            { sys_clk_p }

Check Type        Corner  Lib Pin   Reference Pin  Required(ns)  Actual(ns)  Slack(ns)  Location      Pin
Min Period        n/a     BUFGCE/I  n/a            1.290         5.000       3.710      BUFGCE_X0Y30  clk_200_BUFG_inst/I
Low Pulse Width   Slow    FDCE/C    n/a            0.275         2.500       2.225      SLICE_X0Y31   clk_100_reg/C
High Pulse Width  Slow    FDCE/C    n/a            0.275         2.500       2.225      SLICE_X0Y31   clk_100_reg/C



