Copyright 1986-2022 Xilinx, Inc. All Rights Reserved. Copyright 2022-2025 Advanced Micro Devices, Inc. All Rights Reserved.
---------------------------------------------------------------------------------------------------------------------------------------------
| Tool Version : Vivado v.2025.2 (lin64) Build 6299465 Fri Nov 14 12:34:56 MST 2025
| Date         : Mon Apr 20 02:47:45 2026
| Host         : localhost.localdomain running 64-bit Mageia 9
| Command      : report_utilization -hierarchical -file utilization.rpt
| Design       : top
| Device       : xcku5p-ffvb676-2-i
| Speed File   : -2
| Design State : Routed
---------------------------------------------------------------------------------------------------------------------------------------------

Utilization Design Information

Table of Contents
-----------------
1. Utilization by Hierarchy

1. Utilization by Hierarchy
---------------------------

+---------------------------------------------------------------------+--------------------------------------------------------------------------------------+------------+------------+---------+------+-------+--------+--------+------+------------+
|                               Instance                              |                                        Module                                        | Total LUTs | Logic LUTs | LUTRAMs | SRLs |  FFs  | RAMB36 | RAMB18 | URAM | DSP Blocks |
+---------------------------------------------------------------------+--------------------------------------------------------------------------------------+------------+------------+---------+------+-------+--------+--------+------+------------+
| top                                                                 |                                                                                (top) |      12291 |      11098 |     856 |  337 | 16198 |     25 |      1 |    0 |          3 |
|   (top)                                                             |                                                                                (top) |          4 |          4 |       0 |    0 |     0 |      0 |      0 |    0 |          0 |
|   dbg_hub                                                           |                                                                              dbg_hub |        429 |        409 |      20 |    0 |   741 |      0 |      0 |    0 |          0 |
|     inst                                                            |                                                           dbg_hub_xsdbm_v3_0_5_xsdbm |        429 |        409 |      20 |    0 |   741 |      0 |      0 |    0 |          0 |
|       BSCANID.u_xsdbm_id                                            |                                                        dbg_hub_xsdbm_v3_0_5_xsdbm_id |        429 |        409 |      20 |    0 |   741 |      0 |      0 |    0 |          0 |
|         SWITCH_N_EXT_BSCAN.bscan_switch                             |                                                    dbg_hub_xsdbm_v3_0_5_bscan_switch |        121 |        121 |       0 |    0 |   125 |      0 |      0 |    0 |          0 |
|         CORE_XSDB.UUT_MASTER                                        |                                                       dbg_hub_xsdbm_v3_0_5_icon2xsdb |        259 |        239 |      20 |    0 |   554 |      0 |      0 |    0 |          0 |
|           U_ICON_INTERFACE                                          |                                                              dbg_hub_xsdbm_v3_0_5_if |        156 |        136 |      20 |    0 |   450 |      0 |      0 |    0 |          0 |
|             U_CMD6_WR                                               |                                                           dbg_hub_xsdbm_v3_0_5_wrreg |         41 |         31 |      10 |    0 |   110 |      0 |      0 |    0 |          0 |
|               U_WR_FIFO                                             |                                                          dbg_hub_xsdbm_v3_0_5_wrfifo |         39 |         29 |      10 |    0 |    90 |      0 |      0 |    0 |          0 |
|                 SUBCORE_FIFO.xsdbm_v3_0_5_wrfifo_inst               |                                                       dbg_hub_fifo_generator_v13_1_5 |         38 |         28 |      10 |    0 |    90 |      0 |      0 |    0 |          0 |
|                   inst_fifo_gen                                     |                                                 dbg_hub_fifo_generator_v13_1_5_synth |         38 |         28 |      10 |    0 |    90 |      0 |      0 |    0 |          0 |
|                     gconvfifo.rf                                    |                                                           dbg_hub_fifo_generator_top |         38 |         28 |      10 |    0 |    90 |      0 |      0 |    0 |          0 |
|                       grf.rf                                        |                                                       dbg_hub_fifo_generator_ramfifo |         38 |         28 |      10 |    0 |    90 |      0 |      0 |    0 |          0 |
|             U_CMD4                                                  |                                         dbg_hub_xsdbm_v3_0_5_ctl_reg__parameterized0 |         11 |         11 |       0 |    0 |    62 |      0 |      0 |    0 |          0 |
|             U_CMD6_RD                                               |                                                           dbg_hub_xsdbm_v3_0_5_rdreg |         64 |         54 |      10 |    0 |   134 |      0 |      0 |    0 |          0 |
|               U_RD_FIFO                                             |                                                          dbg_hub_xsdbm_v3_0_5_rdfifo |         62 |         52 |      10 |    0 |   114 |      0 |      0 |    0 |          0 |
|                 SUBCORE_FIFO.xsdbm_v3_0_5_rdfifo_inst               |                                       dbg_hub_fifo_generator_v13_1_5__parameterized0 |         44 |         34 |      10 |    0 |   114 |      0 |      0 |    0 |          0 |
|                   inst_fifo_gen                                     |                                 dbg_hub_fifo_generator_v13_1_5_synth__parameterized0 |         44 |         34 |      10 |    0 |   114 |      0 |      0 |    0 |          0 |
|                     gconvfifo.rf                                    |                                           dbg_hub_fifo_generator_top__parameterized0 |         44 |         34 |      10 |    0 |   114 |      0 |      0 |    0 |          0 |
|                       grf.rf                                        |                                       dbg_hub_fifo_generator_ramfifo__parameterized0 |         44 |         34 |      10 |    0 |   114 |      0 |      0 |    0 |          0 |
|           U_XSDB_BUS_CONTROLLER                                     |                                                         dbg_hub_xsdbm_v3_0_5_bus_ctl |         66 |         66 |       0 |    0 |    48 |      0 |      0 |    0 |          0 |
|   u_bridge                                                          |                                                                           dbg_bridge |        370 |        370 |       0 |    0 |   344 |      0 |      0 |    0 |          0 |
|     (u_bridge)                                                      |                                                                           dbg_bridge |         27 |         27 |       0 |    0 |    95 |      0 |      0 |    0 |          0 |
|     u_fifo_rx                                                       |                                                                      dbg_bridge_fifo |        138 |        138 |       0 |    0 |    74 |      0 |      0 |    0 |          0 |
|     u_fifo_tx                                                       |                                                                    dbg_bridge_fifo_0 |         50 |         50 |       0 |    0 |    74 |      0 |      0 |    0 |          0 |
|     u_uart                                                          |                                                                      dbg_bridge_uart |        155 |        155 |       0 |    0 |   101 |      0 |      0 |    0 |          0 |
|   u_clk_conv                                                        |                                                                axi_clock_converter_0 |        579 |        195 |     384 |    0 |  1762 |      0 |      0 |    0 |          0 |
|     inst                                                            |                 axi_clock_converter_0axi_clock_converter_v2_1_35_axi_clock_converter |        579 |        195 |     384 |    0 |  1762 |      0 |      0 |    0 |          0 |
|       gen_clock_conv.gen_async_conv.asyncfifo_axi                   |                                         axi_clock_converter_0fifo_generator_v13_2_14 |        578 |        194 |     384 |    0 |  1762 |      0 |      0 |    0 |          0 |
|         inst_fifo_gen                                               |                                   axi_clock_converter_0fifo_generator_v13_2_14_synth |        578 |        194 |     384 |    0 |  1762 |      0 |      0 |    0 |          0 |
|           gaxi_full_lite.gread_ch.grach2.axi_rach                   |                                              axi_clock_converter_0fifo_generator_top |         69 |         37 |      32 |    0 |   188 |      0 |      0 |    0 |          0 |
|             grf.rf                                                  |                                       axi_clock_converter_0fifo_generator_ramfifo_28 |         69 |         37 |      32 |    0 |   188 |      0 |      0 |    0 |          0 |
|               gntv_or_sync_fifo.mem                                 |                                                       axi_clock_converter_0memory_32 |         32 |          0 |      32 |    0 |    90 |      0 |      0 |    0 |          0 |
|           gaxi_full_lite.gread_ch.grdch2.axi_rdch                   |                              axi_clock_converter_0fifo_generator_top__parameterized2 |        191 |         39 |     152 |    0 |   612 |      0 |      0 |    0 |          0 |
|             grf.rf                                                  |                          axi_clock_converter_0fifo_generator_ramfifo__parameterized2 |        191 |         39 |     152 |    0 |   612 |      0 |      0 |    0 |          0 |
|               gntv_or_sync_fifo.mem                                 |                                          axi_clock_converter_0memory__parameterized2 |        152 |          0 |     152 |    0 |   514 |      0 |      0 |    0 |          0 |
|                 (gntv_or_sync_fifo.mem)                             |                                          axi_clock_converter_0memory__parameterized2 |          0 |          0 |       0 |    0 |   257 |      0 |      0 |    0 |          0 |
|                 gdm.dm_gen.dm                                       |                                            axi_clock_converter_0dmem__parameterized2 |        152 |          0 |     152 |    0 |   257 |      0 |      0 |    0 |          0 |
|           gaxi_full_lite.gwrite_ch.gwach2.axi_wach                  |                                            axi_clock_converter_0fifo_generator_top_0 |         71 |         39 |      32 |    0 |   188 |      0 |      0 |    0 |          0 |
|             grf.rf                                                  |                                          axi_clock_converter_0fifo_generator_ramfifo |         71 |         39 |      32 |    0 |   188 |      0 |      0 |    0 |          0 |
|               gntv_or_sync_fifo.mem                                 |                                                          axi_clock_converter_0memory |         32 |          0 |      32 |    0 |    90 |      0 |      0 |    0 |          0 |
|           gaxi_full_lite.gwrite_ch.gwdch2.axi_wdch                  |                              axi_clock_converter_0fifo_generator_top__parameterized0 |        208 |         40 |     168 |    0 |   676 |      0 |      0 |    0 |          0 |
|             grf.rf                                                  |                          axi_clock_converter_0fifo_generator_ramfifo__parameterized0 |        208 |         40 |     168 |    0 |   676 |      0 |      0 |    0 |          0 |
|               gntv_or_sync_fifo.mem                                 |                                          axi_clock_converter_0memory__parameterized0 |        168 |          0 |     168 |    0 |   578 |      0 |      0 |    0 |          0 |
|                 (gntv_or_sync_fifo.mem)                             |                                          axi_clock_converter_0memory__parameterized0 |          0 |          0 |       0 |    0 |   289 |      0 |      0 |    0 |          0 |
|                 gdm.dm_gen.dm                                       |                                            axi_clock_converter_0dmem__parameterized0 |        168 |          0 |     168 |    0 |   289 |      0 |      0 |    0 |          0 |
|           gaxi_full_lite.gwrite_ch.gwrch2.axi_wrch                  |                              axi_clock_converter_0fifo_generator_top__parameterized1 |         39 |         39 |       0 |    0 |    98 |      0 |      0 |    0 |          0 |
|             grf.rf                                                  |                          axi_clock_converter_0fifo_generator_ramfifo__parameterized1 |         39 |         39 |       0 |    0 |    98 |      0 |      0 |    0 |          0 |
|   u_ddr4                                                            |                                                                               ddr4_0 |      10291 |       9523 |     452 |  316 | 12373 |     25 |      1 |    0 |          3 |
|     inst                                                            |                                                                          ddr4_0_ddr4 |      10291 |       9523 |     452 |  316 | 12373 |     25 |      1 |    0 |          3 |
|       u_ddr_axi                                                     |                                                               ddr4_0ddr4_v2_2_28_axi |        897 |        632 |       0 |  265 |   830 |      0 |      0 |    0 |          0 |
|         axi_w_channel_0                                             |                                                     ddr4_0ddr4_v2_2_28_axi_w_channel |        292 |        292 |       0 |    0 |   584 |      0 |      0 |    0 |          0 |
|         axi_ar_channel_0                                            |                                                    ddr4_0ddr4_v2_2_28_axi_ar_channel |        134 |        134 |       0 |    0 |    91 |      0 |      0 |    0 |          0 |
|           ar_cmd_fsm_0                                              |                                                       ddr4_0ddr4_v2_2_28_axi_cmd_fsm |         85 |         85 |       0 |    0 |     1 |      0 |      0 |    0 |          0 |
|         axi_aw_channel_0                                            |                                                    ddr4_0ddr4_v2_2_28_axi_aw_channel |        138 |        138 |       0 |    0 |    89 |      0 |      0 |    0 |          0 |
|           axi_mc_cmd_translator_0                                   |                                                ddr4_0ddr4_v2_2_28_axi_cmd_translator |         50 |         50 |       0 |    0 |    43 |      0 |      0 |    0 |          0 |
|           aw_cmd_fsm_0                                              |                                                    ddr4_0ddr4_v2_2_28_axi_wr_cmd_fsm |         89 |         89 |       0 |    0 |     1 |      0 |      0 |    0 |          0 |
|         axi_r_channel_0                                             |                                                     ddr4_0ddr4_v2_2_28_axi_r_channel |        290 |         29 |       0 |  261 |    29 |      0 |      0 |    0 |          0 |
|           rd_data_fifo_0                                            |                                          ddr4_0ddr4_v2_2_28_axi_fifo__parameterized0 |        270 |         14 |       0 |  256 |    11 |      0 |      0 |    0 |          0 |
|       u_ddr4_infrastructure                                         |                                                    ddr4_0ddr4_v2_2_28_infrastructure |         39 |         39 |       0 |    0 |    65 |      0 |      0 |    0 |          0 |
|       u_ddr4_mem_intfc                                              |                                                                ddr4_0_ddr4_mem_intfc |       9357 |       8854 |     452 |   51 | 11477 |     25 |      1 |    0 |          3 |
|         u_mig_ddr4_phy                                              |                                                                           ddr4_0_phy |        281 |        281 |       0 |    0 |   212 |      0 |      0 |    0 |          0 |
|           inst                                                      |                                                                      ddr4_0_phy_ddr4 |        278 |        278 |       0 |    0 |   212 |      0 |      0 |    0 |          0 |
|             (inst)                                                  |                                                                      ddr4_0_phy_ddr4 |        268 |        268 |       0 |    0 |   211 |      0 |      0 |    0 |          0 |
|         u_ddr_cal_riu                                               |                                                                  ddr4_0_ddr4_cal_riu |       1333 |       1222 |      64 |   47 |  1053 |     24 |      0 |    0 |          3 |
|           (u_ddr_cal_riu)                                           |                                                                  ddr4_0_ddr4_cal_riu |         71 |         70 |       0 |    1 |   144 |      0 |      0 |    0 |          0 |
|           mcs0                                                      |                                                                ddr4_0_microblaze_mcs |       1262 |       1152 |      64 |   46 |   909 |     24 |      0 |    0 |          3 |
|             U0                                                      |                                                                        ddr4_0bd_9054 |       1262 |       1152 |      64 |   46 |   909 |     24 |      0 |    0 |          3 |
|               iomodule_0                                            |                                                           ddr4_0bd_9054_iomodule_0_0 |          7 |          7 |       0 |    0 |   100 |      0 |      0 |    0 |          0 |
|                 U0                                                  |                                                                       ddr4_0iomodule |          7 |          7 |       0 |    0 |   100 |      0 |      0 |    0 |          0 |
|               microblaze_I                                          |                                                         ddr4_0bd_9054_microblaze_I_0 |       1155 |       1050 |      64 |   41 |   743 |      0 |      0 |    0 |          3 |
|                 U0                                                  |                                                                     ddr4_0MicroBlaze |       1155 |       1050 |      64 |   41 |   743 |      0 |      0 |    0 |          3 |
|                   MicroBlaze_Core_I                                 |                                                                ddr4_0MicroBlaze_Core |       1155 |       1050 |      64 |   41 |   743 |      0 |      0 |    0 |          3 |
|                     Performance.Core                                |                                                                 ddr4_0MicroBlaze_GTi |       1155 |       1050 |      64 |   41 |   736 |      0 |      0 |    0 |          3 |
|                       Decode_I                                      |                                                                     ddr4_0Decode_gti |        669 |        629 |       0 |   40 |   223 |      0 |      0 |    0 |          0 |
|                         (Decode_I)                                  |                                                                     ddr4_0Decode_gti |        145 |        145 |       0 |    0 |    93 |      0 |      0 |    0 |          0 |
|                         PC_Module_I                                 |                                                                  ddr4_0PC_Module_gti |         85 |         69 |       0 |   16 |    64 |      0 |      0 |    0 |          0 |
|                         PreFetch_Buffer_I1                          |                                                            ddr4_0PreFetch_Buffer_gti |        377 |        353 |       0 |   24 |    49 |      0 |      0 |    0 |          0 |
|                           Instruction_Prefetch_Mux[4].Gen_Instr_DFF |                                                 ddr4_0microblaze_v11_0_16_MB_FDR_200 |         74 |         74 |       0 |    0 |     1 |      0 |      0 |    0 |          0 |
|                       Data_Flow_I                                   |                                                                  ddr4_0Data_Flow_gti |        481 |        416 |      64 |    1 |   480 |      0 |      0 |    0 |          3 |
|                         Barrel_Shifter_I                            |                                                             ddr4_0Barrel_Shifter_gti |         71 |         71 |       0 |    0 |   131 |      0 |      0 |    0 |          0 |
|                           (Barrel_Shifter_I)                        |                                                             ddr4_0Barrel_Shifter_gti |         24 |         24 |       0 |    0 |   131 |      0 |      0 |    0 |          0 |
|                         Data_Flow_Logic_I                           |                                                                ddr4_0Data_Flow_Logic |          1 |          1 |       0 |    0 |    65 |      0 |      0 |    0 |          0 |
|                         Operand_Select_I                            |                                                             ddr4_0Operand_Select_gti |        159 |        159 |       0 |    0 |   144 |      0 |      0 |    0 |          0 |
|                           (Operand_Select_I)                        |                                                             ddr4_0Operand_Select_gti |        130 |        130 |       0 |    0 |   144 |      0 |      0 |    0 |          0 |
|                         Register_File_I                             |                                                              ddr4_0Register_File_gti |         64 |          0 |      64 |    0 |     0 |      0 |      0 |    0 |          0 |
|                         Using_Div_Unit.Div_unit_I1                  |                                                                   ddr4_0Div_unit_gti |         99 |         98 |       0 |    1 |   111 |      0 |      0 |    0 |          0 |
|                           (Using_Div_Unit.Div_unit_I1)              |                                                                   ddr4_0Div_unit_gti |         65 |         64 |       0 |    1 |   111 |      0 |      0 |    0 |          0 |
|         u_ddr_cal_top                                               |                                                           ddr4_0ddr4_v2_2_28_cal_top |       3664 |       3661 |       0 |    3 |  5997 |      1 |      1 |    0 |          0 |
|           (u_ddr_cal_top)                                           |                                                           ddr4_0ddr4_v2_2_28_cal_top |          7 |          5 |       0 |    2 |   563 |      0 |      0 |    0 |          0 |
|           u_ddr_cal                                                 |                                                               ddr4_0ddr4_v2_2_28_cal |       2583 |       2582 |       0 |    1 |  3575 |      1 |      1 |    0 |          0 |
|             (u_ddr_cal)                                             |                                                               ddr4_0ddr4_v2_2_28_cal |        384 |        384 |       0 |    0 |   195 |      0 |      0 |    0 |          0 |
|             U_XSDB_SLAVE                                            |                                              ddr4_0ddr4_v2_2_28_chipscope_xsdb_slave |         74 |         74 |       0 |    0 |   213 |      0 |      0 |    0 |          0 |
|             u_ddr_cal_addr_decode                                   |                                                   ddr4_0ddr4_v2_2_28_cal_addr_decode |       2118 |       2117 |       0 |    1 |  3009 |      0 |      1 |    0 |          0 |
|               (u_ddr_cal_addr_decode)                               |                                                   ddr4_0ddr4_v2_2_28_cal_addr_decode |       1382 |       1381 |       0 |    1 |  2413 |      0 |      0 |    0 |          0 |
|               u_ddr_cal_cplx                                        |                                                          ddr4_0ddr4_v2_2_28_cal_cplx |        731 |        731 |       0 |    0 |   594 |      0 |      1 |    0 |          0 |
|                 (u_ddr_cal_cplx)                                    |                                                          ddr4_0ddr4_v2_2_28_cal_cplx |        520 |        520 |       0 |    0 |   546 |      0 |      0 |    0 |          0 |
|                 u_ddr_cal_cplx_data                                 |                                                     ddr4_0ddr4_v2_2_28_cal_cplx_data |        212 |        212 |       0 |    0 |    48 |      0 |      1 |    0 |          0 |
|             u_xsdb_arbiter                                          |                                                  ddr4_0ddr4_v2_2_28_cal_xsdb_arbiter |          7 |          7 |       0 |    0 |   149 |      0 |      0 |    0 |          0 |
|               (u_xsdb_arbiter)                                      |                                                  ddr4_0ddr4_v2_2_28_cal_xsdb_arbiter |          6 |          6 |       0 |    0 |    73 |      0 |      0 |    0 |          0 |
|           u_ddr_mc_pi                                               |                                                            ddr4_0ddr4_v2_2_28_cal_pi |       1074 |       1074 |       0 |    0 |  1859 |      0 |      0 |    0 |          0 |
|             u_ddr_mc_write                                          |                                                         ddr4_0ddr4_v2_2_28_cal_write |        298 |        298 |       0 |    0 |   614 |      0 |      0 |    0 |          0 |
|               genByte[3].u_ddr_mc_wr_byte                           |                                                    ddr4_0ddr4_v2_2_28_cal_wr_byte_27 |          0 |          0 |       0 |    0 |   144 |      0 |      0 |    0 |          0 |
|               genByte[0].u_ddr_mc_wr_byte                           |                                                       ddr4_0ddr4_v2_2_28_cal_wr_byte |        289 |        289 |       0 |    0 |   151 |      0 |      0 |    0 |          0 |
|                 genBit[0].u_ddr_mc_wr_bit                           |                                                     ddr4_0ddr4_v2_2_28_cal_wr_bit_54 |        289 |        289 |       0 |    0 |    23 |      0 |      0 |    0 |          0 |
|               genByte[1].u_ddr_mc_wr_byte                           |                                                    ddr4_0ddr4_v2_2_28_cal_wr_byte_25 |          0 |          0 |       0 |    0 |   144 |      0 |      0 |    0 |          0 |
|               genByte[2].u_ddr_mc_wr_byte                           |                                                    ddr4_0ddr4_v2_2_28_cal_wr_byte_26 |          0 |          0 |       0 |    0 |   144 |      0 |      0 |    0 |          0 |
|             rdEn[0].u_ddr_mc_rd_en_low                              |                                                         ddr4_0ddr4_v2_2_28_cal_rd_en |         68 |         68 |       0 |    0 |   120 |      0 |      0 |    0 |          0 |
|             rdEn[0].u_ddr_mc_rd_en_upp                              |                                                      ddr4_0ddr4_v2_2_28_cal_rd_en_18 |         53 |         53 |       0 |    0 |   120 |      0 |      0 |    0 |          0 |
|             rdEn[1].u_ddr_mc_rd_en_low                              |                                                      ddr4_0ddr4_v2_2_28_cal_rd_en_19 |         68 |         68 |       0 |    0 |   120 |      0 |      0 |    0 |          0 |
|             rdEn[1].u_ddr_mc_rd_en_upp                              |                                                      ddr4_0ddr4_v2_2_28_cal_rd_en_20 |         52 |         52 |       0 |    0 |   120 |      0 |      0 |    0 |          0 |
|             rdEn[2].u_ddr_mc_rd_en_low                              |                                                      ddr4_0ddr4_v2_2_28_cal_rd_en_21 |         52 |         52 |       0 |    0 |   120 |      0 |      0 |    0 |          0 |
|             rdEn[2].u_ddr_mc_rd_en_upp                              |                                                      ddr4_0ddr4_v2_2_28_cal_rd_en_22 |         52 |         52 |       0 |    0 |   120 |      0 |      0 |    0 |          0 |
|             rdEn[3].u_ddr_mc_rd_en_low                              |                                                      ddr4_0ddr4_v2_2_28_cal_rd_en_23 |         52 |         52 |       0 |    0 |   120 |      0 |      0 |    0 |          0 |
|             rdEn[3].u_ddr_mc_rd_en_upp                              |                                                      ddr4_0ddr4_v2_2_28_cal_rd_en_24 |         52 |         52 |       0 |    0 |   120 |      0 |      0 |    0 |          0 |
|             u_ddr_mc_read                                           |                                                          ddr4_0ddr4_v2_2_28_cal_read |        327 |        327 |       0 |    0 |   284 |      0 |      0 |    0 |          0 |
|         u_ddr_mc                                                    |                                                                ddr4_0ddr4_v2_2_28_mc |       2529 |       2528 |       0 |    1 |  2480 |      0 |      0 |    0 |          0 |
|           u_ddr_mc_ref                                              |                                                            ddr4_0ddr4_v2_2_28_mc_ref |        143 |        143 |       0 |    0 |    80 |      0 |      0 |    0 |          0 |
|           bgr[0].u_ddr_mc_group                                     |                                                          ddr4_0ddr4_v2_2_28_mc_group |        573 |        572 |       0 |    1 |   564 |      0 |      0 |    0 |          0 |
|           bgr[1].u_ddr_mc_group                                     |                                                       ddr4_0ddr4_v2_2_28_mc_group_15 |        460 |        460 |       0 |    0 |   517 |      0 |      0 |    0 |          0 |
|           bgr[2].u_ddr_mc_group                                     |                                                       ddr4_0ddr4_v2_2_28_mc_group_16 |        459 |        459 |       0 |    0 |   517 |      0 |      0 |    0 |          0 |
|           bgr[3].u_ddr_mc_group                                     |                                                       ddr4_0ddr4_v2_2_28_mc_group_17 |        462 |        462 |       0 |    0 |   518 |      0 |      0 |    0 |          0 |
|           u_ddr_mc_arb_a                                            |                                                          ddr4_0ddr4_v2_2_28_mc_arb_a |         54 |         54 |       0 |    0 |     8 |      0 |      0 |    0 |          0 |
|           u_ddr_mc_arb_c                                            |                                                          ddr4_0ddr4_v2_2_28_mc_arb_c |         59 |         59 |       0 |    0 |    12 |      0 |      0 |    0 |          0 |
|           u_ddr_mc_arb_mux_p                                        |                                                      ddr4_0ddr4_v2_2_28_mc_arb_mux_p |         83 |         83 |       0 |    0 |    79 |      0 |      0 |    0 |          0 |
|             (u_ddr_mc_arb_mux_p)                                    |                                                      ddr4_0ddr4_v2_2_28_mc_arb_mux_p |         56 |         56 |       0 |    0 |    72 |      0 |      0 |    0 |          0 |
|           u_ddr_mc_periodic                                         |                                                       ddr4_0ddr4_v2_2_28_mc_periodic |         38 |         38 |       0 |    0 |    54 |      0 |      0 |    0 |          0 |
|           u_ddr_mc_rd_wr                                            |                                                          ddr4_0ddr4_v2_2_28_mc_rd_wr |        137 |        137 |       0 |    0 |   107 |      0 |      0 |    0 |          0 |
|             (u_ddr_mc_rd_wr)                                        |                                                          ddr4_0ddr4_v2_2_28_mc_rd_wr |         96 |         96 |       0 |    0 |    94 |      0 |      0 |    0 |          0 |
|         u_ddr_ui                                                    |                                                                ddr4_0ddr4_v2_2_28_ui |        965 |        577 |     388 |    0 |  1327 |      0 |      0 |    0 |          0 |
|           u_ddr_ui_wr_data                                          |                                                        ddr4_0ddr4_v2_2_28_ui_wr_data |        386 |        186 |     200 |    0 |   625 |      0 |      0 |    0 |          0 |
|           u_ddr_ui_cmd                                              |                                                            ddr4_0ddr4_v2_2_28_ui_cmd |         23 |         23 |       0 |    0 |    57 |      0 |      0 |    0 |          0 |
|           u_ddr_ui_rd_data                                          |                                                        ddr4_0ddr4_v2_2_28_ui_rd_data |        556 |        368 |     188 |    0 |   644 |      0 |      0 |    0 |          0 |
|         u_io_addr_sync                                              |                                          ddr4_0ddr4_v2_2_28_cal_sync__parameterized5 |        580 |        580 |       0 |    0 |    64 |      0 |      0 |    0 |          0 |
|         u_io_read_data_sync                                         |                                        ddr4_0ddr4_v2_2_28_cal_sync__parameterized5_5 |          0 |          0 |       0 |    0 |    64 |      0 |      0 |    0 |          0 |
|         u_io_write_data_sync                                        |                                        ddr4_0ddr4_v2_2_28_cal_sync__parameterized5_7 |         56 |         56 |       0 |    0 |    64 |      0 |      0 |    0 |          0 |
|   u_dwidth_conv                                                     |                                                               axi_dwidth_converter_0 |        618 |        597 |       0 |   21 |   950 |      0 |      0 |    0 |          0 |
|     inst                                                            |                               axi_dwidth_converter_0axi_dwidth_converter_v2_1_37_top |        618 |        597 |       0 |   21 |   950 |      0 |      0 |    0 |          0 |
|       gen_upsizer.gen_full_upsizer.axi_upsizer_inst                 |                       axi_dwidth_converter_0axi_dwidth_converter_v2_1_37_axi_upsizer |        618 |        597 |       0 |   21 |   950 |      0 |      0 |    0 |          0 |
|         USE_READ.gen_non_fifo_r_upsizer.mi_register_slice_inst      |                  axi_dwidth_converter_0axi_register_slice_v2_1_36_axi_register_slice |        194 |        194 |       0 |    0 |   516 |      0 |      0 |    0 |          0 |
|           r.r_pipe                                                  | axi_dwidth_converter_0axi_register_slice_v2_1_36_axic_register_slice__parameterized2 |        194 |        194 |       0 |    0 |   516 |      0 |      0 |    0 |          0 |
|         USE_READ.read_addr_inst                                     |         axi_dwidth_converter_0axi_dwidth_converter_v2_1_37_a_upsizer__parameterized0 |         61 |         43 |       0 |   18 |    35 |      0 |      0 |    0 |          0 |
|           GEN_CMD_QUEUE.cmd_queue                                   |       axi_dwidth_converter_0generic_baseblocks_v2_1_2_command_fifo__parameterized0_1 |         51 |         33 |       0 |   18 |    26 |      0 |      0 |    0 |          0 |
|         USE_WRITE.gen_non_fifo_w_upsizer.write_data_inst            |                         axi_dwidth_converter_0axi_dwidth_converter_v2_1_37_w_upsizer |        291 |        291 |       0 |    0 |   290 |      0 |      0 |    0 |          0 |
|         si_register_slice_inst                                      |  axi_dwidth_converter_0axi_register_slice_v2_1_36_axi_register_slice__parameterized0 |          6 |          6 |       0 |    0 |    67 |      0 |      0 |    0 |          0 |
+---------------------------------------------------------------------+--------------------------------------------------------------------------------------+------------+------------+---------+------+-------+--------+--------+------+------------+
* Note: The sum of lower-level cells may be larger than their parent cells total, due to cross-hierarchy LUT combining


Copyright 1986-2022 Xilinx, Inc. All Rights Reserved. Copyright 2022-2025 Advanced Micro Devices, Inc. All Rights Reserved.
--------------------------------------------------------------------------------------------------------------------------------------------------
| Tool Version      : Vivado v.2025.2 (lin64) Build 6299465 Fri Nov 14 12:34:56 MST 2025
| Date              : Mon Apr 20 02:47:53 2026
| Host              : localhost.localdomain running 64-bit Mageia 9
| Command           : report_clock_utilization -file utilization.rpt -append
| Design            : top
| Device            : xcku5p-ffvb676
| Speed File        : -2  PRODUCTION 1.29 05-01-2022
| Temperature Grade : I
| Design State      : Routed
--------------------------------------------------------------------------------------------------------------------------------------------------

Clock Utilization Report

Table of Contents
-----------------
1. Clock Primitive Utilization
2. Global Clock Resources
3. Global Clock Source Details
4. Clock Regions : Clock Primitives
5. Clock Regions : Load Primitives
6. Clock Regions : Global Clock Summary
7. Clock Regions : Routing Resource Utilization
8. Device Cell Placement Summary for Global Clock g0
9. Device Cell Placement Summary for Global Clock g1
10. Device Cell Placement Summary for Global Clock g2
11. Device Cell Placement Summary for Global Clock g3
12. Device Cell Placement Summary for Global Clock g4
13. Device Cell Placement Summary for Global Clock g5
14. Device Cell Placement Summary for Global Clock g6
15. Clock Region Cell Placement per Global Clock: Region X0Y0
16. Clock Region Cell Placement per Global Clock: Region X1Y0
17. Clock Region Cell Placement per Global Clock: Region X0Y1
18. Clock Region Cell Placement per Global Clock: Region X1Y1
19. Clock Region Cell Placement per Global Clock: Region X2Y1
20. Clock Region Cell Placement per Global Clock: Region X3Y1
21. Clock Region Cell Placement per Global Clock: Region X1Y2
22. Clock Region Cell Placement per Global Clock: Region X2Y2
23. Clock Region Cell Placement per Global Clock: Region X3Y2

1. Clock Primitive Utilization
------------------------------

+------------+------+-----------+-----+--------------+--------+
| Type       | Used | Available | LOC | Clock Region | Pblock |
+------------+------+-----------+-----+--------------+--------+
| BUFGCE     |   10 |       112 |   0 |            0 |      3 |
| BUFGCE_DIV |    0 |        16 |   0 |            0 |      0 |
| BUFGCTRL   |    0 |        32 |   0 |            0 |      0 |
| BUFG_GT    |    0 |        96 |   0 |            0 |      0 |
| MMCM       |    1 |         4 |   1 |            0 |      0 |
| PLL        |    2 |         8 |   0 |            0 |      2 |
+------------+------+-----------+-----+--------------+--------+


2. Global Clock Resources
-------------------------

+-----------+-----------+-----------------+------------+--------------+--------------+------+-------------------+------------------+-------------------+-------------+-----------------+--------------+-----------------------------------------------------------------------------------------------------+------------------------------------------------------------------------------------------------------+-----------------------------------------------------------------------------+
| Global Id | Source Id | Driver Type/Pin | Constraint | Site         | Clock Region | Root | Clock Delay Group | Clock Low Fanout | Load Clock Region | Clock Loads | Non-Clock Loads | Clock Period | Clock                                                                                               | Driver Pin                                                                                           | Net                                                                         |
+-----------+-----------+-----------------+------------+--------------+--------------+------+-------------------+------------------+-------------------+-------------+-----------------+--------------+-----------------------------------------------------------------------------------------------------+------------------------------------------------------------------------------------------------------+-----------------------------------------------------------------------------+
| g0        | src0      | BUFGCE/O        | None       | BUFGCE_X0Y2  | X0Y0         | X0Y0 |                   |                  |                 2 |       12190 |               2 |        3.000 | mmcm_clkout0                                                                                        | u_ddr4/inst/u_ddr4_infrastructure/u_bufg_divClk/O                                                    | u_ddr4/inst/u_ddr4_infrastructure/u_bufg_divClk_0                           |
| g1        | src1      | BUFGCE/O        | None       | BUFGCE_X0Y8  | X0Y0         | X1Y0 |                   |                  |                 4 |        2133 |               0 |       10.000 | mmcm_clkout1                                                                                        | u_ddr4/inst/u_ddr4_infrastructure/u_bufg_addn_ui_clk_1/O                                             | u_ddr4/inst/u_ddr4_infrastructure/addn_ui_clkout1                           |
| g2        | src2      | BUFGCE/O        | None       | BUFGCE_X0Y4  | X0Y0         | X0Y0 |                   |                  |                 2 |        1493 |               0 |        6.000 | mmcm_clkout6                                                                                        | u_ddr4/inst/u_ddr4_infrastructure/u_bufg_riuClk/O                                                    | u_ddr4/inst/u_ddr4_infrastructure/c0_riu_clk                                |
| g3        | src3      | BUFGCE/O        | None       | BUFGCE_X0Y15 | X0Y0         | X0Y0 |                   |                  |                 3 |         551 |               0 |       12.000 | mmcm_clkout5                                                                                        | u_ddr4/inst/u_ddr4_infrastructure/u_bufg_dbg_clk/O                                                   | u_ddr4/inst/u_ddr4_infrastructure/dbg_clk                                   |
| g4        | src4      | BUFGCE/O        | None       | BUFGCE_X0Y73 | X0Y3         | X1Y1 |                   |                  |                 6 |         461 |               0 |       50.000 | dbg_hub/inst/BSCANID.u_xsdbm_id/SWITCH_N_EXT_BSCAN.bscan_inst/SERIES7_BSCAN.bscan_inst/INTERNAL_TCK | dbg_hub/inst/BSCANID.u_xsdbm_id/SWITCH_N_EXT_BSCAN.u_bufg_icon_tck/O                                 | dbg_hub/inst/BSCANID.u_xsdbm_id/itck_i                                      |
| g5        | src5      | BUFGCE/O        | None       | BUFGCE_X0Y44 | X0Y1         | X0Y0 |                   |                  |                 1 |          17 |               0 |        5.000 | sys_clk_p                                                                                           | u_ddr4/inst/u_ddr4_infrastructure/u_bufg_inst/O                                                      | u_ddr4/inst/u_ddr4_infrastructure/sys_clk_in_bufg                           |
| g6        | src5      | BUFGCE/O        | None       | BUFGCE_X0Y35 | X0Y1         | X0Y0 | n/a               |                  |                 1 |           0 |               1 |        5.000 | sys_clk_p                                                                                           | u_ddr4/inst/u_ddr4_mem_intfc/u_mig_ddr4_phy/inst/u_ddr4_phy_pll/gen_bufg_backbone.u__bufg_backbone/O | u_ddr4/inst/u_ddr4_mem_intfc/u_mig_ddr4_phy/inst/u_ddr4_phy_pll/mmcm_clk_in |
+-----------+-----------+-----------------+------------+--------------+--------------+------+-------------------+------------------+-------------------+-------------+-----------------+--------------+-----------------------------------------------------------------------------------------------------+------------------------------------------------------------------------------------------------------+-----------------------------------------------------------------------------+
* Clock Loads column represents cell count of net connects that connect to a clock pin. Internal cell leaf pins are not considered
** Non-Clock Loads column represents cell count of non-clock pin loads


3. Global Clock Source Details
------------------------------

+-----------+-----------+--------------------+------------+------------------+--------------+-------------+-----------------+---------------------+-----------------------------------------------------------------------------------------------------+----------------------------------------------------------------------------------------------------------------+--------------------------------------------------------------------------------------------------+
| Source Id | Global Id | Driver Type/Pin    | Constraint | Site             | Clock Region | Clock Loads | Non-Clock Loads | Source Clock Period | Source Clock                                                                                        | Driver Pin                                                                                                     | Net                                                                                              |
+-----------+-----------+--------------------+------------+------------------+--------------+-------------+-----------------+---------------------+-----------------------------------------------------------------------------------------------------+----------------------------------------------------------------------------------------------------------------+--------------------------------------------------------------------------------------------------+
| src0      | g0        | MMCME4_ADV/CLKOUT0 | MMCM_X0Y0  | MMCM_X0Y0        | X0Y0         |           1 |               0 |               3.000 | mmcm_clkout0                                                                                        | u_ddr4/inst/u_ddr4_infrastructure/gen_mmcme4.u_mmcme_adv_inst/CLKOUT0                                          | u_ddr4/inst/u_ddr4_infrastructure/mmcm_clkout0                                                   |
| src1      | g1        | MMCME4_ADV/CLKOUT1 | MMCM_X0Y0  | MMCM_X0Y0        | X0Y0         |           1 |               0 |              10.000 | mmcm_clkout1                                                                                        | u_ddr4/inst/u_ddr4_infrastructure/gen_mmcme4.u_mmcme_adv_inst/CLKOUT1                                          | u_ddr4/inst/u_ddr4_infrastructure/mmcm_clkout1                                                   |
| src2      | g2        | MMCME4_ADV/CLKOUT6 | MMCM_X0Y0  | MMCM_X0Y0        | X0Y0         |           1 |               0 |               6.000 | mmcm_clkout6                                                                                        | u_ddr4/inst/u_ddr4_infrastructure/gen_mmcme4.u_mmcme_adv_inst/CLKOUT6                                          | u_ddr4/inst/u_ddr4_infrastructure/mmcm_clkout6                                                   |
| src3      | g3        | MMCME4_ADV/CLKOUT5 | MMCM_X0Y0  | MMCM_X0Y0        | X0Y0         |           1 |               0 |              12.000 | mmcm_clkout5                                                                                        | u_ddr4/inst/u_ddr4_infrastructure/gen_mmcme4.u_mmcme_adv_inst/CLKOUT5                                          | u_ddr4/inst/u_ddr4_infrastructure/mmcm_clkout5                                                   |
| src4      | g4        | BSCANE2/TCK        | None       | CONFIG_SITE_X0Y0 | X3Y1         |           1 |               0 |              50.000 | dbg_hub/inst/BSCANID.u_xsdbm_id/SWITCH_N_EXT_BSCAN.bscan_inst/SERIES7_BSCAN.bscan_inst/INTERNAL_TCK | dbg_hub/inst/BSCANID.u_xsdbm_id/SWITCH_N_EXT_BSCAN.bscan_inst/SERIES7_BSCAN.bscan_inst/TCK                     | dbg_hub/inst/BSCANID.u_xsdbm_id/SWITCH_N_EXT_BSCAN.bscan_inst/TCK                                |
| src5      | g5        | IBUFCTRL/O         | IOB_X0Y78  | IOB_X0Y78        | X0Y1         |           2 |               0 |               5.000 | sys_clk_p                                                                                           | u_ddr4/inst/u_ddr4_mem_intfc/u_mig_ddr4_phy/inst/u_ddr4_phy_pll/diff_input_clk.u_ibufg_sys_clk/IBUFCTRL_INST/O | u_ddr4/inst/u_ddr4_mem_intfc/u_mig_ddr4_phy/inst/u_ddr4_phy_pll/diff_input_clk.u_ibufg_sys_clk/O |
| src5      | g6        | IBUFCTRL/O         | IOB_X0Y78  | IOB_X0Y78        | X0Y1         |           2 |               0 |               5.000 | sys_clk_p                                                                                           | u_ddr4/inst/u_ddr4_mem_intfc/u_mig_ddr4_phy/inst/u_ddr4_phy_pll/diff_input_clk.u_ibufg_sys_clk/IBUFCTRL_INST/O | u_ddr4/inst/u_ddr4_mem_intfc/u_mig_ddr4_phy/inst/u_ddr4_phy_pll/diff_input_clk.u_ibufg_sys_clk/O |
+-----------+-----------+--------------------+------------+------------------+--------------+-------------+-----------------+---------------------+-----------------------------------------------------------------------------------------------------+----------------------------------------------------------------------------------------------------------------+--------------------------------------------------------------------------------------------------+
* Clock Loads column represents cell count of net connects that connect to a clock pin. Internal cell leaf pins are not considered
** Non-Clock Loads column represents cell count of non-clock pin loads


4. Clock Regions : Clock Primitives
-----------------------------------

+-------------------+---------------+---------------+---------------+---------------+---------------+---------------+---------------+
|                   |  Global Clock |     BUFGCE    |   BUFGCE_DIV  |    BUFGCTRL   |    BUFG_GT    |      MMCM     |      PLL      |
+-------------------+-------+-------+-------+-------+-------+-------+-------+-------+-------+-------+-------+-------+-------+-------+
| Clock Region Name | Used  | Avail | Used  | Avail | Used  | Avail | Used  | Avail | Used  | Avail | Used  | Avail | Used  | Avail |
+-------------------+-------+-------+-------+-------+-------+-------+-------+-------+-------+-------+-------+-------+-------+-------+
| X0Y0              |     7 |    24 |     4 |    24 |     0 |     4 |     0 |     8 |     0 |     0 |     1 |     1 |     0 |     2 |
| X1Y0              |     3 |    24 |     0 |     4 |     0 |     0 |     0 |     0 |     0 |     0 |     0 |     0 |     0 |     0 |
| X2Y0              |     0 |    24 |     0 |     0 |     0 |     0 |     0 |     0 |     0 |     0 |     0 |     0 |     0 |     0 |
| X3Y0              |     0 |    24 |     0 |     0 |     0 |     0 |     0 |     0 |     0 |    24 |     0 |     0 |     0 |     0 |
| X0Y1              |     5 |    24 |     2 |    24 |     0 |     4 |     0 |     8 |     0 |     0 |     0 |     1 |     0 |     2 |
| X1Y1              |     2 |    24 |     0 |     4 |     0 |     0 |     0 |     0 |     0 |     0 |     0 |     0 |     0 |     0 |
| X2Y1              |     2 |    24 |     0 |     0 |     0 |     0 |     0 |     0 |     0 |     0 |     0 |     0 |     0 |     0 |
| X3Y1              |     2 |    24 |     0 |     0 |     0 |     0 |     0 |     0 |     0 |    24 |     0 |     0 |     0 |     0 |
| X0Y2              |     0 |    24 |     0 |    24 |     0 |     4 |     0 |     8 |     0 |     0 |     0 |     1 |     0 |     2 |
| X1Y2              |     1 |    24 |     0 |     4 |     0 |     0 |     0 |     0 |     0 |     0 |     0 |     0 |     0 |     0 |
| X2Y2              |     1 |    24 |     0 |     0 |     0 |     0 |     0 |     0 |     0 |     0 |     0 |     0 |     0 |     0 |
| X3Y2              |     1 |    24 |     0 |     0 |     0 |     0 |     0 |     0 |     0 |    24 |     0 |     0 |     0 |     0 |
| X0Y3              |     0 |    24 |     1 |    24 |     0 |     4 |     0 |     8 |     0 |     0 |     0 |     1 |     0 |     2 |
| X1Y3              |     0 |    24 |     0 |     4 |     0 |     0 |     0 |     0 |     0 |     0 |     0 |     0 |     0 |     0 |
| X2Y3              |     0 |    24 |     0 |     0 |     0 |     0 |     0 |     0 |     0 |     0 |     0 |     0 |     0 |     0 |
| X3Y3              |     0 |    24 |     0 |     0 |     0 |     0 |     0 |     0 |     0 |    24 |     0 |     0 |     0 |     0 |
+-------------------+-------+-------+-------+-------+-------+-------+-------+-------+-------+-------+-------+-------+-------+-------+
* Global Clock column represents track count; while other columns represents cell counts


5. Clock Regions : Load Primitives
----------------------------------

+-------------------+------------------+------------------+------------------+------------------+------------------+------------------+------------------+------------------+
|                   |   Global Clock   |        FF        |      LUTRAM      |  Block RAM (18K) |       URAM       |        DSP       |        GT        |      HARD IP     |
+-------------------+--------+---------+--------+---------+--------+---------+--------+---------+--------+---------+--------+---------+--------+---------+--------+---------+
| Clock Region Name | Used   | Avail   | Used   | Avail   | Used   | Avail   | Used   | Avail   | Used   | Avail   | Used   | Avail   | Used   | Avail   | Used   | Avail   |
+-------------------+--------+---------+--------+---------+--------+---------+--------+---------+--------+---------+--------+---------+--------+---------+--------+---------+
| X0Y0              |      7 |      24 |  11010 |   27840 |    505 |    5760 |     51 |      72 |      0 |       0 |      3 |     120 |      0 |       0 |      0 |       0 |
| X1Y0              |      3 |      24 |     41 |   25920 |      0 |    6240 |      0 |      48 |      0 |       0 |      0 |     120 |      0 |       0 |      0 |       0 |
| X2Y0              |      0 |      24 |      0 |   32640 |      0 |    6720 |      0 |      72 |      0 |      16 |      0 |     120 |      0 |       0 |      0 |       0 |
| X3Y0              |      0 |      24 |      0 |   22080 |      0 |    6240 |      0 |      48 |      0 |       0 |      0 |      96 |      0 |       4 |      0 |       1 |
| X0Y1              |      5 |      24 |   4959 |   27840 |     34 |    5760 |      0 |      72 |      0 |       0 |      0 |     120 |      0 |       0 |      0 |       0 |
| X1Y1              |      2 |      24 |      1 |   25920 |      0 |    6240 |      0 |      48 |      0 |       0 |      0 |     120 |      0 |       0 |      0 |       0 |
| X2Y1              |      2 |      24 |      0 |   32640 |      0 |    6720 |      0 |      72 |      0 |      16 |      0 |     120 |      0 |       0 |      0 |       0 |
| X3Y1              |      2 |      24 |    179 |   22080 |      0 |    6240 |      0 |      48 |      0 |       0 |      0 |      96 |      0 |       4 |      0 |       0 |
| X0Y2              |      0 |      24 |      0 |   27840 |      0 |    5760 |      0 |      72 |      0 |       0 |      0 |     120 |      0 |       0 |      0 |       0 |
| X1Y2              |      1 |      24 |      0 |   25920 |      0 |    6240 |      0 |      48 |      0 |       0 |      0 |     120 |      0 |       0 |      0 |       0 |
| X2Y2              |      1 |      24 |      0 |   32640 |      0 |    6720 |      0 |      72 |      0 |      16 |      0 |     120 |      0 |       0 |      0 |       0 |
| X3Y2              |      1 |      24 |      8 |   22080 |      0 |    6240 |      0 |      48 |      0 |       0 |      0 |      96 |      0 |       4 |      0 |       0 |
| X0Y3              |      0 |      24 |      0 |   27840 |      0 |    5760 |      0 |      72 |      0 |       0 |      0 |     120 |      0 |       0 |      0 |       0 |
| X1Y3              |      0 |      24 |      0 |   25920 |      0 |    6240 |      0 |      48 |      0 |       0 |      0 |     120 |      0 |       0 |      0 |       0 |
| X2Y3              |      0 |      24 |      0 |   32640 |      0 |    6720 |      0 |      72 |      0 |      16 |      0 |     120 |      0 |       0 |      0 |       0 |
| X3Y3              |      0 |      24 |      0 |   22080 |      0 |    6240 |      0 |      48 |      0 |       0 |      0 |      96 |      0 |       4 |      0 |       1 |
+-------------------+--------+---------+--------+---------+--------+---------+--------+---------+--------+---------+--------+---------+--------+---------+--------+---------+
* Global Clock column represents track count; while other columns represents cell counts


6. Clock Regions : Global Clock Summary
---------------------------------------

All Modules
+----+----+----+----+----+
|    | X0 | X1 | X2 | X3 |
+----+----+----+----+----+
| Y3 |  0 |  0 |  0 |  0 |
| Y2 |  0 |  1 |  1 |  1 |
| Y1 |  7 |  2 |  2 |  2 |
| Y0 |  7 |  3 |  0 |  0 |
+----+----+----+----+----+


7. Clock Regions : Routing Resource Utilization
-----------------------------------------------

All Modules
+-------------------+----------------------+----------------------+----------------------+----------------------+
|                   |        HROUTES       |        HDISTRS       |        VROUTES       |        VDISTRS       |
+-------------------+------+-------+-------+------+-------+-------+------+-------+-------+------+-------+-------+
| Clock Region Name | Used | Avail | Util% | Used | Avail | Util% | Used | Avail | Util% | Used | Avail | Util% |
+-------------------+------+-------+-------+------+-------+-------+------+-------+-------+------+-------+-------+
| X0Y0              |    2 |    24 |  8.33 |    7 |    24 | 29.17 |    2 |    24 |  8.33 |    5 |    24 | 20.83 |
| X1Y0              |    1 |    24 |  4.17 |    3 |    24 | 12.50 |    0 |    24 |  0.00 |    2 |    24 |  8.33 |
| X2Y0              |    0 |    24 |  0.00 |    0 |    24 |  0.00 |    0 |    24 |  0.00 |    0 |    24 |  0.00 |
| X3Y0              |    0 |    24 |  0.00 |    0 |    24 |  0.00 |    0 |    24 |  0.00 |    0 |    24 |  0.00 |
| X0Y1              |    3 |    24 | 12.50 |    5 |    24 | 20.83 |    2 |    24 |  8.33 |    0 |    24 |  0.00 |
| X1Y1              |    0 |    24 |  0.00 |    2 |    24 |  8.33 |    1 |    24 |  4.17 |    1 |    24 |  4.17 |
| X2Y1              |    0 |    24 |  0.00 |    2 |    24 |  8.33 |    0 |    24 |  0.00 |    0 |    24 |  0.00 |
| X3Y1              |    0 |    24 |  0.00 |    2 |    24 |  8.33 |    0 |    24 |  0.00 |    0 |    24 |  0.00 |
| X0Y2              |    0 |    24 |  0.00 |    0 |    24 |  0.00 |    0 |    24 |  0.00 |    0 |    24 |  0.00 |
| X1Y2              |    0 |    24 |  0.00 |    1 |    24 |  4.17 |    1 |    24 |  4.17 |    0 |    24 |  0.00 |
| X2Y2              |    0 |    24 |  0.00 |    1 |    24 |  4.17 |    0 |    24 |  0.00 |    0 |    24 |  0.00 |
| X3Y2              |    0 |    24 |  0.00 |    1 |    24 |  4.17 |    0 |    24 |  0.00 |    0 |    24 |  0.00 |
| X0Y3              |    2 |    24 |  8.33 |    0 |    24 |  0.00 |    0 |    24 |  0.00 |    0 |    24 |  0.00 |
| X1Y3              |    1 |    24 |  4.17 |    0 |    24 |  0.00 |    1 |    24 |  4.17 |    0 |    24 |  0.00 |
| X2Y3              |    0 |    24 |  0.00 |    0 |    24 |  0.00 |    0 |    24 |  0.00 |    0 |    24 |  0.00 |
| X3Y3              |    0 |    24 |  0.00 |    0 |    24 |  0.00 |    0 |    24 |  0.00 |    0 |    24 |  0.00 |
+-------------------+------+-------+-------+------+-------+-------+------+-------+-------+------+-------+-------+


8. Device Cell Placement Summary for Global Clock g0
----------------------------------------------------

+-----------+-----------------+-------------------+--------------+-------------+---------------+----------+-------------+----------+----------------+----------+---------------------------------------------------+
| Global Id | Driver Type/Pin | Driver Region (D) | Clock        | Period (ns) | Waveform (ns) | Root (R) | Slice Loads | IO Loads | Clocking Loads | GT Loads | Net                                               |
+-----------+-----------------+-------------------+--------------+-------------+---------------+----------+-------------+----------+----------------+----------+---------------------------------------------------+
| g0        | BUFGCE/O        | X0Y0              | mmcm_clkout0 |       3.000 | {0.000 1.500} | X0Y0     |       12190 |        0 |              2 |        0 | u_ddr4/inst/u_ddr4_infrastructure/u_bufg_divClk_0 |
+-----------+-----------------+-------------------+--------------+-------------+---------------+----------+-------------+----------+----------------+----------+---------------------------------------------------+
* Slice Loads column represents load cell count of all cell types other than IO, GT and clock resources
** IO Loads column represents load cell count of IO types
*** Clocking Loads column represents load cell count that are clock resources (global clock buffer, MMCM, PLL, etc)
**** GT Loads column represents load cell count of GT types


+----+--------------+----+----+----+-----------------------+
|    | X0           | X1 | X2 | X3 | HORIZONTAL PROG DELAY |
+----+--------------+----+----+----+-----------------------+
| Y3 |            0 |  0 |  0 |  0 |                     - |
| Y2 |            0 |  0 |  0 |  0 |                     - |
| Y1 |         4096 |  0 |  0 |  0 |                     0 |
| Y0 | (R) (D) 8096 |  0 |  0 |  0 |                     0 |
+----+--------------+----+----+----+-----------------------+


9. Device Cell Placement Summary for Global Clock g1
----------------------------------------------------

+-----------+-----------------+-------------------+--------------+-------------+---------------+----------+-------------+----------+----------------+----------+---------------------------------------------------+
| Global Id | Driver Type/Pin | Driver Region (D) | Clock        | Period (ns) | Waveform (ns) | Root (R) | Slice Loads | IO Loads | Clocking Loads | GT Loads | Net                                               |
+-----------+-----------------+-------------------+--------------+-------------+---------------+----------+-------------+----------+----------------+----------+---------------------------------------------------+
| g1        | BUFGCE/O        | X0Y0              | mmcm_clkout1 |      10.000 | {0.000 5.000} | X1Y0     |        2133 |        0 |              0 |        0 | u_ddr4/inst/u_ddr4_infrastructure/addn_ui_clkout1 |
+-----------+-----------------+-------------------+--------------+-------------+---------------+----------+-------------+----------+----------------+----------+---------------------------------------------------+
* Slice Loads column represents load cell count of all cell types other than IO, GT and clock resources
** IO Loads column represents load cell count of IO types
*** Clocking Loads column represents load cell count that are clock resources (global clock buffer, MMCM, PLL, etc)
**** GT Loads column represents load cell count of GT types


+----+-----------+-------+----+-----+-----------------------+
|    | X0        | X1    | X2 | X3  | HORIZONTAL PROG DELAY |
+----+-----------+-------+----+-----+-----------------------+
| Y3 |         0 |     0 |  0 |   0 |                     - |
| Y2 |         0 |     0 |  0 |   0 |                     - |
| Y1 |       524 |     0 |  0 |  28 |                     0 |
| Y0 |  (D) 1580 | (R) 1 |  0 |   0 |                     0 |
+----+-----------+-------+----+-----+-----------------------+


10. Device Cell Placement Summary for Global Clock g2
-----------------------------------------------------

+-----------+-----------------+-------------------+--------------+-------------+---------------+----------+-------------+----------+----------------+----------+----------------------------------------------+
| Global Id | Driver Type/Pin | Driver Region (D) | Clock        | Period (ns) | Waveform (ns) | Root (R) | Slice Loads | IO Loads | Clocking Loads | GT Loads | Net                                          |
+-----------+-----------------+-------------------+--------------+-------------+---------------+----------+-------------+----------+----------------+----------+----------------------------------------------+
| g2        | BUFGCE/O        | X0Y0              | mmcm_clkout6 |       6.000 | {0.000 3.000} | X0Y0     |        1493 |        0 |              0 |        0 | u_ddr4/inst/u_ddr4_infrastructure/c0_riu_clk |
+-----------+-----------------+-------------------+--------------+-------------+---------------+----------+-------------+----------+----------------+----------+----------------------------------------------+
* Slice Loads column represents load cell count of all cell types other than IO, GT and clock resources
** IO Loads column represents load cell count of IO types
*** Clocking Loads column represents load cell count that are clock resources (global clock buffer, MMCM, PLL, etc)
**** GT Loads column represents load cell count of GT types


+----+--------------+----+----+----+-----------------------+
|    | X0           | X1 | X2 | X3 | HORIZONTAL PROG DELAY |
+----+--------------+----+----+----+-----------------------+
| Y3 |            0 |  0 |  0 |  0 |                     - |
| Y2 |            0 |  0 |  0 |  0 |                     - |
| Y1 |          114 |  0 |  0 |  0 |                     0 |
| Y0 | (R) (D) 1379 |  0 |  0 |  0 |                     0 |
+----+--------------+----+----+----+-----------------------+


11. Device Cell Placement Summary for Global Clock g3
-----------------------------------------------------

+-----------+-----------------+-------------------+--------------+-------------+---------------+----------+-------------+----------+----------------+----------+-------------------------------------------+
| Global Id | Driver Type/Pin | Driver Region (D) | Clock        | Period (ns) | Waveform (ns) | Root (R) | Slice Loads | IO Loads | Clocking Loads | GT Loads | Net                                       |
+-----------+-----------------+-------------------+--------------+-------------+---------------+----------+-------------+----------+----------------+----------+-------------------------------------------+
| g3        | BUFGCE/O        | X0Y0              | mmcm_clkout5 |      12.000 | {0.000 6.000} | X0Y0     |         551 |        0 |              0 |        0 | u_ddr4/inst/u_ddr4_infrastructure/dbg_clk |
+-----------+-----------------+-------------------+--------------+-------------+---------------+----------+-------------+----------+----------------+----------+-------------------------------------------+
* Slice Loads column represents load cell count of all cell types other than IO, GT and clock resources
** IO Loads column represents load cell count of IO types
*** Clocking Loads column represents load cell count that are clock resources (global clock buffer, MMCM, PLL, etc)
**** GT Loads column represents load cell count of GT types


+----+-------------+----+----+----+-----------------------+
|    | X0          | X1 | X2 | X3 | HORIZONTAL PROG DELAY |
+----+-------------+----+----+----+-----------------------+
| Y3 |           0 |  0 |  0 |  0 |                     - |
| Y2 |           0 |  0 |  0 |  0 |                     - |
| Y1 |         167 |  0 |  0 |  0 |                     0 |
| Y0 | (R) (D) 381 |  3 |  0 |  0 |                     0 |
+----+-------------+----+----+----+-----------------------+


12. Device Cell Placement Summary for Global Clock g4
-----------------------------------------------------

+-----------+-----------------+-------------------+-----------------------------------------------------------------------------------------------------+-------------+----------------+----------+-------------+----------+----------------+----------+----------------------------------------+
| Global Id | Driver Type/Pin | Driver Region (D) | Clock                                                                                               | Period (ns) | Waveform (ns)  | Root (R) | Slice Loads | IO Loads | Clocking Loads | GT Loads | Net                                    |
+-----------+-----------------+-------------------+-----------------------------------------------------------------------------------------------------+-------------+----------------+----------+-------------+----------+----------------+----------+----------------------------------------+
| g4        | BUFGCE/O        | X0Y3              | dbg_hub/inst/BSCANID.u_xsdbm_id/SWITCH_N_EXT_BSCAN.bscan_inst/SERIES7_BSCAN.bscan_inst/INTERNAL_TCK |      50.000 | {0.000 25.000} | X1Y1     |         461 |        0 |              0 |        0 | dbg_hub/inst/BSCANID.u_xsdbm_id/itck_i |
+-----------+-----------------+-------------------+-----------------------------------------------------------------------------------------------------+-------------+----------------+----------+-------------+----------+----------------+----------+----------------------------------------+
* Slice Loads column represents load cell count of all cell types other than IO, GT and clock resources
** IO Loads column represents load cell count of IO types
*** Clocking Loads column represents load cell count that are clock resources (global clock buffer, MMCM, PLL, etc)
**** GT Loads column represents load cell count of GT types


+----+--------+-------+----+------+-----------------------+
|    | X0     | X1    | X2 | X3   | HORIZONTAL PROG DELAY |
+----+--------+-------+----+------+-----------------------+
| Y3 |  (D) 0 |     0 |  0 |    0 |                     - |
| Y2 |      0 |     0 |  0 |    8 |                     1 |
| Y1 |    124 | (R) 1 |  0 |  151 |                     1 |
| Y0 |    140 |    37 |  0 |    0 |                     0 |
+----+--------+-------+----+------+-----------------------+


13. Device Cell Placement Summary for Global Clock g5
-----------------------------------------------------

+-----------+-----------------+-------------------+-----------+-------------+---------------+----------+-------------+----------+----------------+----------+---------------------------------------------------+
| Global Id | Driver Type/Pin | Driver Region (D) | Clock     | Period (ns) | Waveform (ns) | Root (R) | Slice Loads | IO Loads | Clocking Loads | GT Loads | Net                                               |
+-----------+-----------------+-------------------+-----------+-------------+---------------+----------+-------------+----------+----------------+----------+---------------------------------------------------+
| g5        | BUFGCE/O        | X0Y1              | sys_clk_p |       5.000 | {0.000 2.500} | X0Y0     |          17 |        0 |              0 |        0 | u_ddr4/inst/u_ddr4_infrastructure/sys_clk_in_bufg |
+-----------+-----------------+-------------------+-----------+-------------+---------------+----------+-------------+----------+----------------+----------+---------------------------------------------------+
* Slice Loads column represents load cell count of all cell types other than IO, GT and clock resources
** IO Loads column represents load cell count of IO types
*** Clocking Loads column represents load cell count that are clock resources (global clock buffer, MMCM, PLL, etc)
**** GT Loads column represents load cell count of GT types


+----+--------+----+----+----+-----------------------+
|    | X0     | X1 | X2 | X3 | HORIZONTAL PROG DELAY |
+----+--------+----+----+----+-----------------------+
| Y3 |      0 |  0 |  0 |  0 |                     - |
| Y2 |      0 |  0 |  0 |  0 |                     - |
| Y1 |  (D) 0 |  0 |  0 |  0 |                     - |
| Y0 | (R) 17 |  0 |  0 |  0 |                     0 |
+----+--------+----+----+----+-----------------------+


14. Device Cell Placement Summary for Global Clock g6
-----------------------------------------------------

+-----------+-----------------+-------------------+-----------+-------------+---------------+----------+-------------+----------+----------------+----------+-----------------------------------------------------------------------------+
| Global Id | Driver Type/Pin | Driver Region (D) | Clock     | Period (ns) | Waveform (ns) | Root (R) | Slice Loads | IO Loads | Clocking Loads | GT Loads | Net                                                                         |
+-----------+-----------------+-------------------+-----------+-------------+---------------+----------+-------------+----------+----------------+----------+-----------------------------------------------------------------------------+
| g6        | BUFGCE/O        | X0Y1              | sys_clk_p |       5.000 | {0.000 2.500} | X0Y0     |           0 |        0 |              1 |        0 | u_ddr4/inst/u_ddr4_mem_intfc/u_mig_ddr4_phy/inst/u_ddr4_phy_pll/mmcm_clk_in |
+-----------+-----------------+-------------------+-----------+-------------+---------------+----------+-------------+----------+----------------+----------+-----------------------------------------------------------------------------+
* Slice Loads column represents load cell count of all cell types other than IO, GT and clock resources
** IO Loads column represents load cell count of IO types
*** Clocking Loads column represents load cell count that are clock resources (global clock buffer, MMCM, PLL, etc)
**** GT Loads column represents load cell count of GT types


+----+--------+----+----+----+-----------------------+
|    | X0     | X1 | X2 | X3 | HORIZONTAL PROG DELAY |
+----+--------+----+----+----+-----------------------+
| Y3 |      0 |  0 |  0 |  0 |                     - |
| Y2 |      0 |  0 |  0 |  0 |                     - |
| Y1 |  (D) 0 |  0 |  0 |  0 |                     - |
| Y0 |  (R) 1 |  0 |  0 |  0 |                     0 |
+----+--------+----+----+----+-----------------------+


15. Clock Region Cell Placement per Global Clock: Region X0Y0
-------------------------------------------------------------

+-----------+-------+-----------------+------------+-------------+-----------------+------+-------------+------+------+-----+----+------+-----+---------+-----------------------------------------------------------------------------+
| Global Id | Track | Driver Type/Pin | Constraint | Clock Loads | Non-Clock Loads | FF   | Memory LUTs | RAMB | URAM | DSP | GT | MMCM | PLL | Hard IP | Net                                                                         |
+-----------+-------+-----------------+------------+-------------+-----------------+------+-------------+------+------+-----+----+------+-----+---------+-----------------------------------------------------------------------------+
| g0        | 2     | BUFGCE/O        | None       |        8095 |               1 | 7684 |         369 |    2 |    0 |   0 |  0 |    0 |   1 |       0 | u_ddr4/inst/u_ddr4_infrastructure/u_bufg_divClk_0                           |
| g1        | 8     | BUFGCE/O        | None       |        1580 |               0 | 1548 |          32 |    0 |    0 |   0 |  0 |    0 |   0 |       0 | u_ddr4/inst/u_ddr4_infrastructure/addn_ui_clkout1                           |
| g2        | 4     | BUFGCE/O        | None       |        1379 |               0 | 1246 |          98 |   24 |    0 |   3 |  0 |    0 |   0 |       0 | u_ddr4/inst/u_ddr4_infrastructure/c0_riu_clk                                |
| g3        | 15    | BUFGCE/O        | None       |         381 |               0 |  378 |           3 |    0 |    0 |   0 |  0 |    0 |   0 |       0 | u_ddr4/inst/u_ddr4_infrastructure/dbg_clk                                   |
| g4        | 1     | BUFGCE/O        | None       |         140 |               0 |  137 |           3 |    0 |    0 |   0 |  0 |    0 |   0 |       0 | dbg_hub/inst/BSCANID.u_xsdbm_id/itck_i                                      |
| g5        | 20    | BUFGCE/O        | None       |          17 |               0 |   17 |           0 |    0 |    0 |   0 |  0 |    0 |   0 |       0 | u_ddr4/inst/u_ddr4_infrastructure/sys_clk_in_bufg                           |
| g6        | 11    | BUFGCE/O        | None       |           0 |               1 |    0 |           0 |    0 |    0 |   0 |  0 |    1 |   0 |       0 | u_ddr4/inst/u_ddr4_mem_intfc/u_mig_ddr4_phy/inst/u_ddr4_phy_pll/mmcm_clk_in |
+-----------+-------+-----------------+------------+-------------+-----------------+------+-------------+------+------+-----+----+------+-----+---------+-----------------------------------------------------------------------------+
* Clock Loads column represents cell count of net connects that connect to a clock pin. Internal cell leaf pins are not considered
** Non-Clock Loads column represents cell count of non-clock pin loads
*** Columns FF, LUTRAM, RAMB through 'Hard IP' represents load cell counts


16. Clock Region Cell Placement per Global Clock: Region X1Y0
-------------------------------------------------------------

+-----------+-------+-----------------+------------+-------------+-----------------+----+-------------+------+------+-----+----+------+-----+---------+---------------------------------------------------+
| Global Id | Track | Driver Type/Pin | Constraint | Clock Loads | Non-Clock Loads | FF | Memory LUTs | RAMB | URAM | DSP | GT | MMCM | PLL | Hard IP | Net                                               |
+-----------+-------+-----------------+------------+-------------+-----------------+----+-------------+------+------+-----+----+------+-----+---------+---------------------------------------------------+
| g1        | 8     | BUFGCE/O        | None       |           1 |               0 |  1 |           0 |    0 |    0 |   0 |  0 |    0 |   0 |       0 | u_ddr4/inst/u_ddr4_infrastructure/addn_ui_clkout1 |
| g3        | 15    | BUFGCE/O        | None       |           3 |               0 |  3 |           0 |    0 |    0 |   0 |  0 |    0 |   0 |       0 | u_ddr4/inst/u_ddr4_infrastructure/dbg_clk         |
| g4        | 1     | BUFGCE/O        | None       |          37 |               0 | 37 |           0 |    0 |    0 |   0 |  0 |    0 |   0 |       0 | dbg_hub/inst/BSCANID.u_xsdbm_id/itck_i            |
+-----------+-------+-----------------+------------+-------------+-----------------+----+-------------+------+------+-----+----+------+-----+---------+---------------------------------------------------+
* Clock Loads column represents cell count of net connects that connect to a clock pin. Internal cell leaf pins are not considered
** Non-Clock Loads column represents cell count of non-clock pin loads
*** Columns FF, LUTRAM, RAMB through 'Hard IP' represents load cell counts


17. Clock Region Cell Placement per Global Clock: Region X0Y1
-------------------------------------------------------------

+-----------+-------+-----------------+------------+-------------+-----------------+------+-------------+------+------+-----+----+------+-----+---------+-----------------------------------------------------------------------------+
| Global Id | Track | Driver Type/Pin | Constraint | Clock Loads | Non-Clock Loads | FF   | Memory LUTs | RAMB | URAM | DSP | GT | MMCM | PLL | Hard IP | Net                                                                         |
+-----------+-------+-----------------+------------+-------------+-----------------+------+-------------+------+------+-----+----+------+-----+---------+-----------------------------------------------------------------------------+
| g0        | 2     | BUFGCE/O        | None       |        4095 |               1 | 4054 |          16 |    0 |    0 |   0 |  0 |    0 |   1 |       0 | u_ddr4/inst/u_ddr4_infrastructure/u_bufg_divClk_0                           |
| g1        | 8     | BUFGCE/O        | None       |         524 |               0 |  506 |          18 |    0 |    0 |   0 |  0 |    0 |   0 |       0 | u_ddr4/inst/u_ddr4_infrastructure/addn_ui_clkout1                           |
| g2        | 4     | BUFGCE/O        | None       |         114 |               0 |  108 |           0 |    0 |    0 |   0 |  0 |    0 |   0 |       0 | u_ddr4/inst/u_ddr4_infrastructure/c0_riu_clk                                |
| g3        | 15    | BUFGCE/O        | None       |         167 |               0 |  167 |           0 |    0 |    0 |   0 |  0 |    0 |   0 |       0 | u_ddr4/inst/u_ddr4_infrastructure/dbg_clk                                   |
| g4        | 1     | BUFGCE/O        | None       |         124 |               0 |  124 |           0 |    0 |    0 |   0 |  0 |    0 |   0 |       0 | dbg_hub/inst/BSCANID.u_xsdbm_id/itck_i                                      |
| g5+       | 20    | BUFGCE/O        | None       |           0 |               0 |    0 |           0 |    0 |    0 |   0 |  0 |    0 |   0 |       0 | u_ddr4/inst/u_ddr4_infrastructure/sys_clk_in_bufg                           |
| g6+       | 11    | BUFGCE/O        | None       |           0 |               0 |    0 |           0 |    0 |    0 |   0 |  0 |    0 |   0 |       0 | u_ddr4/inst/u_ddr4_mem_intfc/u_mig_ddr4_phy/inst/u_ddr4_phy_pll/mmcm_clk_in |
+-----------+-------+-----------------+------------+-------------+-----------------+------+-------------+------+------+-----+----+------+-----+---------+-----------------------------------------------------------------------------+
* Clock Loads column represents cell count of net connects that connect to a clock pin. Internal cell leaf pins are not considered
** Non-Clock Loads column represents cell count of non-clock pin loads
*** Columns FF, LUTRAM, RAMB through 'Hard IP' represents load cell counts
**** In Global Id column, sympbol '+' indicates that global clock was used only to route through the clock region.


18. Clock Region Cell Placement per Global Clock: Region X1Y1
-------------------------------------------------------------

+-----------+-------+-----------------+------------+-------------+-----------------+----+-------------+------+------+-----+----+------+-----+---------+---------------------------------------------------+
| Global Id | Track | Driver Type/Pin | Constraint | Clock Loads | Non-Clock Loads | FF | Memory LUTs | RAMB | URAM | DSP | GT | MMCM | PLL | Hard IP | Net                                               |
+-----------+-------+-----------------+------------+-------------+-----------------+----+-------------+------+------+-----+----+------+-----+---------+---------------------------------------------------+
| g1+       | 8     | BUFGCE/O        | None       |           0 |               0 |  0 |           0 |    0 |    0 |   0 |  0 |    0 |   0 |       0 | u_ddr4/inst/u_ddr4_infrastructure/addn_ui_clkout1 |
| g4        | 1     | BUFGCE/O        | None       |           1 |               0 |  1 |           0 |    0 |    0 |   0 |  0 |    0 |   0 |       0 | dbg_hub/inst/BSCANID.u_xsdbm_id/itck_i            |
+-----------+-------+-----------------+------------+-------------+-----------------+----+-------------+------+------+-----+----+------+-----+---------+---------------------------------------------------+
* Clock Loads column represents cell count of net connects that connect to a clock pin. Internal cell leaf pins are not considered
** Non-Clock Loads column represents cell count of non-clock pin loads
*** Columns FF, LUTRAM, RAMB through 'Hard IP' represents load cell counts
**** In Global Id column, sympbol '+' indicates that global clock was used only to route through the clock region.


19. Clock Region Cell Placement per Global Clock: Region X2Y1
-------------------------------------------------------------

+-----------+-------+-----------------+------------+-------------+-----------------+----+-------------+------+------+-----+----+------+-----+---------+---------------------------------------------------+
| Global Id | Track | Driver Type/Pin | Constraint | Clock Loads | Non-Clock Loads | FF | Memory LUTs | RAMB | URAM | DSP | GT | MMCM | PLL | Hard IP | Net                                               |
+-----------+-------+-----------------+------------+-------------+-----------------+----+-------------+------+------+-----+----+------+-----+---------+---------------------------------------------------+
| g1+       | 8     | BUFGCE/O        | None       |           0 |               0 |  0 |           0 |    0 |    0 |   0 |  0 |    0 |   0 |       0 | u_ddr4/inst/u_ddr4_infrastructure/addn_ui_clkout1 |
| g4+       | 1     | BUFGCE/O        | None       |           0 |               0 |  0 |           0 |    0 |    0 |   0 |  0 |    0 |   0 |       0 | dbg_hub/inst/BSCANID.u_xsdbm_id/itck_i            |
+-----------+-------+-----------------+------------+-------------+-----------------+----+-------------+------+------+-----+----+------+-----+---------+---------------------------------------------------+
* Clock Loads column represents cell count of net connects that connect to a clock pin. Internal cell leaf pins are not considered
** Non-Clock Loads column represents cell count of non-clock pin loads
*** Columns FF, LUTRAM, RAMB through 'Hard IP' represents load cell counts
**** In Global Id column, sympbol '+' indicates that global clock was used only to route through the clock region.


20. Clock Region Cell Placement per Global Clock: Region X3Y1
-------------------------------------------------------------

+-----------+-------+-----------------+------------+-------------+-----------------+-----+-------------+------+------+-----+----+------+-----+---------+---------------------------------------------------+
| Global Id | Track | Driver Type/Pin | Constraint | Clock Loads | Non-Clock Loads | FF  | Memory LUTs | RAMB | URAM | DSP | GT | MMCM | PLL | Hard IP | Net                                               |
+-----------+-------+-----------------+------------+-------------+-----------------+-----+-------------+------+------+-----+----+------+-----+---------+---------------------------------------------------+
| g1        | 8     | BUFGCE/O        | None       |          28 |               0 |  28 |           0 |    0 |    0 |   0 |  0 |    0 |   0 |       0 | u_ddr4/inst/u_ddr4_infrastructure/addn_ui_clkout1 |
| g4        | 1     | BUFGCE/O        | None       |         151 |               0 | 151 |           0 |    0 |    0 |   0 |  0 |    0 |   0 |       0 | dbg_hub/inst/BSCANID.u_xsdbm_id/itck_i            |
+-----------+-------+-----------------+------------+-------------+-----------------+-----+-------------+------+------+-----+----+------+-----+---------+---------------------------------------------------+
* Clock Loads column represents cell count of net connects that connect to a clock pin. Internal cell leaf pins are not considered
** Non-Clock Loads column represents cell count of non-clock pin loads
*** Columns FF, LUTRAM, RAMB through 'Hard IP' represents load cell counts


21. Clock Region Cell Placement per Global Clock: Region X1Y2
-------------------------------------------------------------

+-----------+-------+-----------------+------------+-------------+-----------------+----+-------------+------+------+-----+----+------+-----+---------+----------------------------------------+
| Global Id | Track | Driver Type/Pin | Constraint | Clock Loads | Non-Clock Loads | FF | Memory LUTs | RAMB | URAM | DSP | GT | MMCM | PLL | Hard IP | Net                                    |
+-----------+-------+-----------------+------------+-------------+-----------------+----+-------------+------+------+-----+----+------+-----+---------+----------------------------------------+
| g4+       | 1     | BUFGCE/O        | None       |           0 |               0 |  0 |           0 |    0 |    0 |   0 |  0 |    0 |   0 |       0 | dbg_hub/inst/BSCANID.u_xsdbm_id/itck_i |
+-----------+-------+-----------------+------------+-------------+-----------------+----+-------------+------+------+-----+----+------+-----+---------+----------------------------------------+
* Clock Loads column represents cell count of net connects that connect to a clock pin. Internal cell leaf pins are not considered
** Non-Clock Loads column represents cell count of non-clock pin loads
*** Columns FF, LUTRAM, RAMB through 'Hard IP' represents load cell counts
**** In Global Id column, sympbol '+' indicates that global clock was used only to route through the clock region.


22. Clock Region Cell Placement per Global Clock: Region X2Y2
-------------------------------------------------------------

+-----------+-------+-----------------+------------+-------------+-----------------+----+-------------+------+------+-----+----+------+-----+---------+----------------------------------------+
| Global Id | Track | Driver Type/Pin | Constraint | Clock Loads | Non-Clock Loads | FF | Memory LUTs | RAMB | URAM | DSP | GT | MMCM | PLL | Hard IP | Net                                    |
+-----------+-------+-----------------+------------+-------------+-----------------+----+-------------+------+------+-----+----+------+-----+---------+----------------------------------------+
| g4+       | 1     | BUFGCE/O        | None       |           0 |               0 |  0 |           0 |    0 |    0 |   0 |  0 |    0 |   0 |       0 | dbg_hub/inst/BSCANID.u_xsdbm_id/itck_i |
+-----------+-------+-----------------+------------+-------------+-----------------+----+-------------+------+------+-----+----+------+-----+---------+----------------------------------------+
* Clock Loads column represents cell count of net connects that connect to a clock pin. Internal cell leaf pins are not considered
** Non-Clock Loads column represents cell count of non-clock pin loads
*** Columns FF, LUTRAM, RAMB through 'Hard IP' represents load cell counts
**** In Global Id column, sympbol '+' indicates that global clock was used only to route through the clock region.


23. Clock Region Cell Placement per Global Clock: Region X3Y2
-------------------------------------------------------------

+-----------+-------+-----------------+------------+-------------+-----------------+----+-------------+------+------+-----+----+------+-----+---------+----------------------------------------+
| Global Id | Track | Driver Type/Pin | Constraint | Clock Loads | Non-Clock Loads | FF | Memory LUTs | RAMB | URAM | DSP | GT | MMCM | PLL | Hard IP | Net                                    |
+-----------+-------+-----------------+------------+-------------+-----------------+----+-------------+------+------+-----+----+------+-----+---------+----------------------------------------+
| g4        | 1     | BUFGCE/O        | None       |           8 |               0 |  8 |           0 |    0 |    0 |   0 |  0 |    0 |   0 |       0 | dbg_hub/inst/BSCANID.u_xsdbm_id/itck_i |
+-----------+-------+-----------------+------------+-------------+-----------------+----+-------------+------+------+-----+----+------+-----+---------+----------------------------------------+
* Clock Loads column represents cell count of net connects that connect to a clock pin. Internal cell leaf pins are not considered
** Non-Clock Loads column represents cell count of non-clock pin loads
*** Columns FF, LUTRAM, RAMB through 'Hard IP' represents load cell counts


