Device Grade = commercial
Process Type = typical
Junction Temp = 26.2 (C)
Ambient Temp = 25.0 (C)
ThetaJa = 11.53
ThetaSa = 0.0 (C/W)
ThetaJb = 7.4 (C/W)
Airflow = 250 (LFM)
Heat Sink Type = none
Board Type = medium (10"x10")
Board Temp = 25.0 (C)
Number Of Board Layers = 8to11 (8 to 11 Layers)
Vccint = 1.000 V
Vccaux = 1.800 V
Vcco33 = 3.300 V
Vcco25 = 2.500 V
Vcco18 = 1.800 V
Vcco15 = 1.500 V
Vcco135 = 1.350 V
Vcco12 = 1.200 V
Vccaux_io = 1.800 V
Vccbram = 1.000 V
MGTAVcc = 1.000 V
MGTAVtt = 1.200 V
MGTVccaux = 1.800 V
Vccpint = 1.000 V
Vccpaux = 1.800 V
Vccpll = 1.800 V
Vcco_ddr = 1.500 V
Vcco_mio0 = 1.800 V
Vcco_mio1 = 1.800 V
Vccadc = 1.800 V
{{Vccint 0.950V 1.000V 1.050V}
 {Vccaux 1.710V 1.800V 1.890V}
 {Vcco33 3.000V 3.300V 3.450V}
 {Vcco25 2.380V 2.500V 2.630V}
 {Vcco18 1.710V 1.800V 1.900V}
 {Vcco15 1.430V 1.500V 1.580V}
 {Vcco135 1.300V 1.350V 1.400V}
 {Vcco12 1.140V 1.200V 1.260V}
 {Vccaux_io 1.710V 1.800V 1.890V}
 {Vccbram 0.950V 1.000V 1.050V}
 {MGTAVcc 0.950V 1.000V 1.050V}
 {MGTAVtt 1.140V 1.200V 1.260V}
 {MGTVccaux 1.710V 1.800V 1.890V}
 {Vccpint 0.950V 1.000V 1.050V}
 {Vccpaux 1.710V 1.800V 1.890V}
 {Vccpll 1.710V 1.800V 1.890V}
 {Vcco_ddr 1.140V 1.500V 1.890V}
 {Vcco_mio0 1.710V 1.800V 3.465V}
 {Vcco_mio1 1.710V 1.800V 3.465V}
 {Vccadc 1.710V 1.800V 1.890V}}
Design Power Budget = Unspecified
Supply Current Budget: Vccint = Unspecified
Supply Current Budget: Vccaux = Unspecified
Supply Current Budget: Vcco33 = Unspecified
Supply Current Budget: Vcco25 = Unspecified
Supply Current Budget: Vcco18 = Unspecified
Supply Current Budget: Vcco15 = Unspecified
Supply Current Budget: Vcco135 = Unspecified
Supply Current Budget: Vcco12 = Unspecified
Supply Current Budget: Vccaux_io = Unspecified
Supply Current Budget: Vccbram = Unspecified
Supply Current Budget: MGTAVcc = Unspecified
Supply Current Budget: MGTAVtt = Unspecified
Supply Current Budget: MGTVccaux = Unspecified
Supply Current Budget: Vccpint = Unspecified
Supply Current Budget: Vccpaux = Unspecified
Supply Current Budget: Vccpll = Unspecified
Supply Current Budget: Vcco_ddr = Unspecified
Supply Current Budget: Vcco_mio0 = Unspecified
Supply Current Budget: Vcco_mio1 = Unspecified
Supply Current Budget: Vccadc = Unspecified
