Copyright 1986-2022 Xilinx, Inc. All Rights Reserved. Copyright 2022-2025 Advanced Micro Devices, Inc. All Rights Reserved.
---------------------------------------------------------------------------------------------------------------------------------------------
| Tool Version : Vivado v.2025.2 (lin64) Build 6299465 Fri Nov 14 12:34:56 MST 2025
| Date         : Fri Apr 17 16:33:57 2026
| Host         : localhost.localdomain running 64-bit Mageia 9
| Command      : report_utilization -hierarchical -file utilization.rpt
| Design       : blink
| Device       : xc7z020clg400-1
| Speed File   : -1
| Design State : Routed
---------------------------------------------------------------------------------------------------------------------------------------------

Utilization Design Information

Table of Contents
-----------------
1. Utilization by Hierarchy

1. Utilization by Hierarchy
---------------------------

+-----------+--------+------------+------------+---------+------+-----+--------+--------+------------+
|  Instance | Module | Total LUTs | Logic LUTs | LUTRAMs | SRLs | FFs | RAMB36 | RAMB18 | DSP Blocks |
+-----------+--------+------------+------------+---------+------+-----+--------+--------+------------+
| blink     |  (top) |         28 |         28 |       0 |    0 |  28 |      0 |      0 |          0 |
|   (blink) |  (top) |          0 |          0 |       0 |    0 |   0 |      0 |      0 |          0 |
+-----------+--------+------------+------------+---------+------+-----+--------+--------+------------+
* Note: The sum of lower-level cells may be larger than their parent cells total, due to cross-hierarchy LUT combining


Copyright 1986-2022 Xilinx, Inc. All Rights Reserved. Copyright 2022-2025 Advanced Micro Devices, Inc. All Rights Reserved.
---------------------------------------------------------------------------------------------------------------------------------------------
| Tool Version : Vivado v.2025.2 (lin64) Build 6299465 Fri Nov 14 12:34:56 MST 2025
| Date         : Fri Apr 17 16:33:58 2026
| Host         : localhost.localdomain running 64-bit Mageia 9
| Command      : report_clock_utilization -file utilization.rpt -append
| Design       : blink
| Device       : 7z020-clg400
| Speed File   : -1  PRODUCTION 1.12 2019-11-22
| Design State : Routed
---------------------------------------------------------------------------------------------------------------------------------------------

Clock Utilization Report

Table of Contents
-----------------
1. Clock Primitive Utilization
2. Global Clock Resources
3. Global Clock Source Details
4. Local Clock Details
5. Clock Regions: Key Resource Utilization
6. Clock Regions : Global Clock Summary

1. Clock Primitive Utilization
------------------------------

+----------+------+-----------+-----+--------------+--------+
| Type     | Used | Available | LOC | Clock Region | Pblock |
+----------+------+-----------+-----+--------------+--------+
| BUFGCTRL |    0 |        32 |   0 |            0 |      0 |
| BUFH     |    0 |        72 |   0 |            0 |      0 |
| BUFIO    |    0 |        16 |   0 |            0 |      0 |
| BUFMR    |    0 |         8 |   0 |            0 |      0 |
| BUFR     |    0 |        16 |   0 |            0 |      0 |
| MMCM     |    0 |         4 |   0 |            0 |      0 |
| PLL      |    0 |         4 |   0 |            0 |      0 |
+----------+------+-----------+-----+--------------+--------+


2. Global Clock Resources
-------------------------

+-----------+-----------+-----------------+------------+------+--------------+-------------------+-------------+-----------------+--------------+-------+------------+-----+
| Global Id | Source Id | Driver Type/Pin | Constraint | Site | Clock Region | Load Clock Region | Clock Loads | Non-Clock Loads | Clock Period | Clock | Driver Pin | Net |
+-----------+-----------+-----------------+------------+------+--------------+-------------------+-------------+-----------------+--------------+-------+------------+-----+
* Clock Loads column represents cell count of net connects that connect to a clock pin. Internal cell leaf pins are not considered
** Non-Clock Loads column represents cell count of non-clock pin loads


3. Global Clock Source Details
------------------------------

+-----------+-----------+-----------------+------------+------+--------------+-------------+-----------------+---------------------+--------------+------------+-----+
| Source Id | Global Id | Driver Type/Pin | Constraint | Site | Clock Region | Clock Loads | Non-Clock Loads | Source Clock Period | Source Clock | Driver Pin | Net |
+-----------+-----------+-----------------+------------+------+--------------+-------------+-----------------+---------------------+--------------+------------+-----+
* Clock Loads column represents cell count of net connects that connect to a clock pin. Internal cell leaf pins are not considered
** Non-Clock Loads column represents cell count of non-clock pin loads


4. Local Clock Details
----------------------

+----------+-----------------+------------+------------------+--------------+-------------+-----------------+--------------+-------+------------------------------------------------+-----------------------+
| Local Id | Driver Type/Pin | Constraint | Site/BEL         | Clock Region | Clock Loads | Non-Clock Loads | Clock Period | Clock | Driver Pin                                     | Net                   |
+----------+-----------------+------------+------------------+--------------+-------------+-----------------+--------------+-------+------------------------------------------------+-----------------------+
| 0        | FDCE/Q          | None       | SLICE_X80Y79/AFF | X1Y1         |           1 |               1 |              |       | div_led_inst/GEN_STAGE[0].INPUT.FDCE_inst/Q    | div_led_inst/stage_0  |
| 1        | FDCE/Q          | None       | SLICE_X80Y80/AFF | X1Y1         |           1 |               1 |              |       | div_led_inst/GEN_STAGE[1].DEFAULT.FDCE_inst/Q  | div_led_inst/stage_1  |
| 2        | FDCE/Q          | None       | SLICE_X82Y81/AFF | X1Y1         |           1 |               1 |              |       | div_led_inst/GEN_STAGE[10].DEFAULT.FDCE_inst/Q | div_led_inst/stage_10 |
| 3        | FDCE/Q          | None       | SLICE_X83Y80/AFF | X1Y1         |           1 |               1 |              |       | div_led_inst/GEN_STAGE[11].DEFAULT.FDCE_inst/Q | div_led_inst/stage_11 |
| 4        | FDCE/Q          | None       | SLICE_X84Y80/AFF | X1Y1         |           1 |               1 |              |       | div_led_inst/GEN_STAGE[12].DEFAULT.FDCE_inst/Q | div_led_inst/stage_12 |
| 5        | FDCE/Q          | None       | SLICE_X85Y80/AFF | X1Y1         |           1 |               1 |              |       | div_led_inst/GEN_STAGE[13].DEFAULT.FDCE_inst/Q | div_led_inst/stage_13 |
| 6        | FDCE/Q          | None       | SLICE_X86Y80/AFF | X1Y1         |           1 |               1 |              |       | div_led_inst/GEN_STAGE[14].DEFAULT.FDCE_inst/Q | div_led_inst/stage_14 |
| 7        | FDCE/Q          | None       | SLICE_X86Y79/AFF | X1Y1         |           1 |               1 |              |       | div_led_inst/GEN_STAGE[15].DEFAULT.FDCE_inst/Q | div_led_inst/stage_15 |
| 8        | FDCE/Q          | None       | SLICE_X85Y79/AFF | X1Y1         |           1 |               1 |              |       | div_led_inst/GEN_STAGE[16].DEFAULT.FDCE_inst/Q | div_led_inst/stage_16 |
| 9        | FDCE/Q          | None       | SLICE_X83Y79/AFF | X1Y1         |           1 |               1 |              |       | div_led_inst/GEN_STAGE[17].DEFAULT.FDCE_inst/Q | div_led_inst/stage_17 |
| 10       | FDCE/Q          | None       | SLICE_X83Y78/AFF | X1Y1         |           1 |               1 |              |       | div_led_inst/GEN_STAGE[18].DEFAULT.FDCE_inst/Q | div_led_inst/stage_18 |
| 11       | FDCE/Q          | None       | SLICE_X84Y78/AFF | X1Y1         |           1 |               1 |              |       | div_led_inst/GEN_STAGE[19].DEFAULT.FDCE_inst/Q | div_led_inst/stage_19 |
| 12       | FDCE/Q          | None       | SLICE_X81Y80/AFF | X1Y1         |           1 |               1 |              |       | div_led_inst/GEN_STAGE[2].DEFAULT.FDCE_inst/Q  | div_led_inst/stage_2  |
| 13       | FDCE/Q          | None       | SLICE_X84Y79/AFF | X1Y1         |           1 |               1 |              |       | div_led_inst/GEN_STAGE[20].DEFAULT.FDCE_inst/Q | div_led_inst/stage_20 |
| 14       | FDCE/Q          | None       | SLICE_X82Y79/AFF | X1Y1         |           1 |               1 |              |       | div_led_inst/GEN_STAGE[21].DEFAULT.FDCE_inst/Q | div_led_inst/stage_21 |
| 15       | FDCE/Q          | None       | SLICE_X81Y79/AFF | X1Y1         |           1 |               1 |              |       | div_led_inst/GEN_STAGE[22].DEFAULT.FDCE_inst/Q | div_led_inst/stage_22 |
| 16       | FDCE/Q          | None       | SLICE_X82Y77/AFF | X1Y1         |           1 |               1 |              |       | div_led_inst/GEN_STAGE[23].DEFAULT.FDCE_inst/Q | div_led_inst/stage_23 |
| 17       | FDCE/Q          | None       | SLICE_X81Y77/AFF | X1Y1         |           1 |               1 |              |       | div_led_inst/GEN_STAGE[24].DEFAULT.FDCE_inst/Q | div_led_inst/stage_24 |
| 18       | FDCE/Q          | None       | SLICE_X80Y77/AFF | X1Y1         |           1 |               1 |              |       | div_led_inst/GEN_STAGE[25].DEFAULT.FDCE_inst/Q | div_led_inst/stage_25 |
| 19       | FDCE/Q          | None       | SLICE_X80Y78/AFF | X1Y1         |           1 |               1 |              |       | div_led_inst/GEN_STAGE[26].DEFAULT.FDCE_inst/Q | div_led_inst/stage_26 |
| 20       | FDCE/Q          | None       | SLICE_X81Y81/AFF | X1Y1         |           1 |               1 |              |       | div_led_inst/GEN_STAGE[3].DEFAULT.FDCE_inst/Q  | div_led_inst/stage_3  |
| 21       | FDCE/Q          | None       | SLICE_X80Y82/AFF | X1Y1         |           1 |               1 |              |       | div_led_inst/GEN_STAGE[4].DEFAULT.FDCE_inst/Q  | div_led_inst/stage_4  |
| 22       | FDCE/Q          | None       | SLICE_X81Y82/AFF | X1Y1         |           1 |               1 |              |       | div_led_inst/GEN_STAGE[5].DEFAULT.FDCE_inst/Q  | div_led_inst/stage_5  |
| 23       | FDCE/Q          | None       | SLICE_X82Y82/AFF | X1Y1         |           1 |               1 |              |       | div_led_inst/GEN_STAGE[6].DEFAULT.FDCE_inst/Q  | div_led_inst/stage_6  |
| 24       | FDCE/Q          | None       | SLICE_X83Y82/AFF | X1Y1         |           1 |               1 |              |       | div_led_inst/GEN_STAGE[7].DEFAULT.FDCE_inst/Q  | div_led_inst/stage_7  |
| 25       | FDCE/Q          | None       | SLICE_X83Y81/AFF | X1Y1         |           1 |               1 |              |       | div_led_inst/GEN_STAGE[8].DEFAULT.FDCE_inst/Q  | div_led_inst/stage_8  |
| 26       | FDCE/Q          | None       | SLICE_X84Y81/AFF | X1Y1         |           1 |               1 |              |       | div_led_inst/GEN_STAGE[9].DEFAULT.FDCE_inst/Q  | div_led_inst/stage_9  |
+----------+-----------------+------------+------------------+--------------+-------------+-----------------+--------------+-------+------------------------------------------------+-----------------------+
* Local Clocks in this context represents only clocks driven by non-global buffers
** Clock Loads column represents cell count of net connects that connect to a clock pin. Internal cell leaf pins are not considered
*** Non-Clock Loads column represents cell count of non-clock pin loads


5. Clock Regions: Key Resource Utilization
------------------------------------------

+-------------------+--------------+--------------+--------------+--------------+--------------+--------------+--------------+--------------+--------------+--------------+--------------+--------------+--------------+--------------+--------------+
|                   | Global Clock |     BUFRs    |    BUFMRs    |    BUFIOs    |     MMCM     |      PLL     |      GT      |      PCI     |    ILOGIC    |    OLOGIC    |      FF      |     LUTM     |    RAMB18    |    RAMB36    |    DSP48E2   |
+-------------------+------+-------+------+-------+------+-------+------+-------+------+-------+------+-------+------+-------+------+-------+------+-------+------+-------+------+-------+------+-------+------+-------+------+-------+------+-------+
| Clock Region Name | Used | Avail | Used | Avail | Used | Avail | Used | Avail | Used | Avail | Used | Avail | Used | Avail | Used | Avail | Used | Avail | Used | Avail | Used | Avail | Used | Avail | Used | Avail | Used | Avail | Used | Avail |
+-------------------+------+-------+------+-------+------+-------+------+-------+------+-------+------+-------+------+-------+------+-------+------+-------+------+-------+------+-------+------+-------+------+-------+------+-------+------+-------+
| X0Y0              |    0 |    12 |    0 |     4 |    0 |     2 |    0 |     4 |    0 |     1 |    0 |     1 |    0 |     0 |    0 |     0 |    0 |    50 |    0 |    50 |    0 |  2500 |    0 |  1000 |    0 |    60 |    0 |    30 |    0 |    60 |
| X1Y0              |    0 |    12 |    0 |     4 |    0 |     2 |    0 |     4 |    0 |     1 |    0 |     1 |    0 |     0 |    0 |     0 |    0 |    50 |    0 |    50 |    0 |  3200 |    0 |   850 |    0 |    60 |    0 |    30 |    0 |    40 |
| X0Y1              |    0 |    12 |    0 |     0 |    0 |     0 |    0 |     0 |    0 |     0 |    0 |     0 |    0 |     0 |    0 |     0 |    0 |     0 |    0 |     0 |    0 |  1200 |    0 |   400 |    0 |    20 |    0 |    10 |    0 |    20 |
| X1Y1              |    0 |    12 |    0 |     4 |    0 |     2 |    0 |     4 |    0 |     1 |    0 |     1 |    0 |     0 |    0 |     0 |    0 |    50 |    0 |    50 |   27 |  2600 |   12 |   850 |    0 |    60 |    0 |    30 |    0 |    40 |
| X0Y2              |    0 |    12 |    0 |     0 |    0 |     0 |    0 |     0 |    0 |     0 |    0 |     0 |    0 |     0 |    0 |     0 |    0 |     0 |    0 |     0 |    0 |  1200 |    0 |   400 |    0 |    20 |    0 |    10 |    0 |    20 |
| X1Y2              |    0 |    12 |    0 |     4 |    0 |     2 |    0 |     4 |    0 |     1 |    0 |     1 |    0 |     0 |    0 |     0 |    0 |    50 |    0 |    50 |    0 |  2600 |    0 |   850 |    0 |    60 |    0 |    30 |    0 |    40 |
+-------------------+------+-------+------+-------+------+-------+------+-------+------+-------+------+-------+------+-------+------+-------+------+-------+------+-------+------+-------+------+-------+------+-------+------+-------+------+-------+
* Global Clock column represents track count; while other columns represents cell counts


6. Clock Regions : Global Clock Summary
---------------------------------------

All Modules
+----+----+----+
|    | X0 | X1 |
+----+----+----+
| Y2 |  0 |  0 |
| Y1 |  0 |  0 |
| Y0 |  0 |  0 |
+----+----+----+



# Location of IO Primitives which is load of clock spine

# Location of clock ports
