#-----------------------------------------------------------
# Vivado v2025.2 (64-bit)
# SW Build 6299465 on Fri Nov 14 12:34:56 MST 2025
# IP Build 6300035 on Fri Nov 14 10:48:45 MST 2025
# SharedData Build 6298862 on Thu Nov 13 04:50:51 MST 2025
# Start of session at: Fri Apr 17 16:31:35 2026
# Process ID         : 2205362
# Current directory  : /nvme/safe/FPGA/XILINX/XCKU5P/core_dbg_bridge.git/example_microzed/build
# Command line       : vivado -mode tcl -source ../vivado.tcl
# Log file           : /nvme/safe/FPGA/XILINX/XCKU5P/core_dbg_bridge.git/example_microzed/build/vivado.log
# Journal file       : /nvme/safe/FPGA/XILINX/XCKU5P/core_dbg_bridge.git/example_microzed/build/vivado.jou
# Running On         : localhost.localdomain
# Platform           : Mageia
# Operating System   : Mageia 9
# Processor Detail   : Intel(R) Xeon(R) CPU E5-2620 v3 @ 2.40GHz
# CPU Frequency      : 2400.134 MHz
# CPU Physical cores : 12
# CPU Logical cores  : 24
# Host memory        : 101206 MB
# Swap memory        : 137438 MB
# Total Virtual      : 238645 MB
# Available Virtual  : 207097 MB
#-----------------------------------------------------------
source ../vivado.tcl
# set ODIR .
# set NAME blink
# set_param messaging.defaultLimit 10000
# set_param place.sliceLegEffortLimit 2000
# set_param board.repoPaths [list /opt/Xilinx/XilinxBoardStore/2025.2/boards]
# read_vhdl ../vivado_pkg.vhd
read_vhdl: Time (s): cpu = 00:01:13 ; elapsed = 00:01:02 . Memory (MB): peak = 2354.371 ; gain = 872.945 ; free physical = 14896 ; free virtual = 196693
# read_vhdl ../async_div.vhd
# read_vhdl ../ps7_stub.vhd
# read_vhdl ../blink.vhd
# set_property PART xc7z020clg400-1 [current_project]
# set_property BOARD_PART avnet.com:microzed_7020:part0:1.3 [current_project]
# set_property TARGET_LANGUAGE VHDL [current_project]
# synth_design -top blink -flatten rebuilt    
Command: synth_design -top blink -flatten rebuilt
Starting synth_design
Using part: xc7z020clg400-1
Attempting to get a license for feature 'Synthesis' and/or device 'xc7z020'
INFO: [Common 17-349] Got license for feature 'Synthesis' and/or device 'xc7z020'
INFO: [Synth 8-7079] Multithreading enabled for synth_design using a maximum of 7 processes.
INFO: [Synth 8-7078] Launching helper process for spawning children vivado processes
INFO: [Synth 8-7075] Helper process launched with PID 2208651
---------------------------------------------------------------------------------
Starting Synthesize : Time (s): cpu = 00:00:07 ; elapsed = 00:00:07 . Memory (MB): peak = 2848.871 ; gain = 486.527 ; free physical = 14613 ; free virtual = 196411
---------------------------------------------------------------------------------
INFO: [Synth 8-638] synthesizing module 'blink' [/nvme/safe/FPGA/XILINX/XCKU5P/core_dbg_bridge.git/example_microzed/blink.vhd:30]
INFO: [Synth 8-638] synthesizing module 'ps7_stub' [/nvme/safe/FPGA/XILINX/XCKU5P/core_dbg_bridge.git/example_microzed/ps7_stub.vhd:368]
INFO: [Synth 8-113] binding component instance 'PS7_inst' to cell 'PS7' [/nvme/safe/FPGA/XILINX/XCKU5P/core_dbg_bridge.git/example_microzed/ps7_stub.vhd:373]
INFO: [Synth 8-256] done synthesizing module 'ps7_stub' (0#1) [/nvme/safe/FPGA/XILINX/XCKU5P/core_dbg_bridge.git/example_microzed/ps7_stub.vhd:368]
INFO: [Synth 8-638] synthesizing module 'async_div' [/nvme/safe/FPGA/XILINX/XCKU5P/core_dbg_bridge.git/example_microzed/async_div.vhd:40]
	Parameter STAGES bound to: 28 - type: integer 
INFO: [Synth 8-113] binding component instance 'FDCE_inst' to cell 'FDCE' [/nvme/safe/FPGA/XILINX/XCKU5P/core_dbg_bridge.git/example_microzed/async_div.vhd:50]
INFO: [Synth 8-113] binding component instance 'FDCE_inst' to cell 'FDCE' [/nvme/safe/FPGA/XILINX/XCKU5P/core_dbg_bridge.git/example_microzed/async_div.vhd:60]
INFO: [Synth 8-113] binding component instance 'FDCE_inst' to cell 'FDCE' [/nvme/safe/FPGA/XILINX/XCKU5P/core_dbg_bridge.git/example_microzed/async_div.vhd:60]
INFO: [Synth 8-113] binding component instance 'FDCE_inst' to cell 'FDCE' [/nvme/safe/FPGA/XILINX/XCKU5P/core_dbg_bridge.git/example_microzed/async_div.vhd:60]
INFO: [Synth 8-113] binding component instance 'FDCE_inst' to cell 'FDCE' [/nvme/safe/FPGA/XILINX/XCKU5P/core_dbg_bridge.git/example_microzed/async_div.vhd:60]
INFO: [Synth 8-113] binding component instance 'FDCE_inst' to cell 'FDCE' [/nvme/safe/FPGA/XILINX/XCKU5P/core_dbg_bridge.git/example_microzed/async_div.vhd:60]
INFO: [Synth 8-113] binding component instance 'FDCE_inst' to cell 'FDCE' [/nvme/safe/FPGA/XILINX/XCKU5P/core_dbg_bridge.git/example_microzed/async_div.vhd:60]
INFO: [Synth 8-113] binding component instance 'FDCE_inst' to cell 'FDCE' [/nvme/safe/FPGA/XILINX/XCKU5P/core_dbg_bridge.git/example_microzed/async_div.vhd:60]
INFO: [Synth 8-113] binding component instance 'FDCE_inst' to cell 'FDCE' [/nvme/safe/FPGA/XILINX/XCKU5P/core_dbg_bridge.git/example_microzed/async_div.vhd:60]
INFO: [Synth 8-113] binding component instance 'FDCE_inst' to cell 'FDCE' [/nvme/safe/FPGA/XILINX/XCKU5P/core_dbg_bridge.git/example_microzed/async_div.vhd:60]
INFO: [Synth 8-113] binding component instance 'FDCE_inst' to cell 'FDCE' [/nvme/safe/FPGA/XILINX/XCKU5P/core_dbg_bridge.git/example_microzed/async_div.vhd:60]
INFO: [Synth 8-113] binding component instance 'FDCE_inst' to cell 'FDCE' [/nvme/safe/FPGA/XILINX/XCKU5P/core_dbg_bridge.git/example_microzed/async_div.vhd:60]
INFO: [Synth 8-113] binding component instance 'FDCE_inst' to cell 'FDCE' [/nvme/safe/FPGA/XILINX/XCKU5P/core_dbg_bridge.git/example_microzed/async_div.vhd:60]
INFO: [Synth 8-113] binding component instance 'FDCE_inst' to cell 'FDCE' [/nvme/safe/FPGA/XILINX/XCKU5P/core_dbg_bridge.git/example_microzed/async_div.vhd:60]
INFO: [Synth 8-113] binding component instance 'FDCE_inst' to cell 'FDCE' [/nvme/safe/FPGA/XILINX/XCKU5P/core_dbg_bridge.git/example_microzed/async_div.vhd:60]
INFO: [Synth 8-113] binding component instance 'FDCE_inst' to cell 'FDCE' [/nvme/safe/FPGA/XILINX/XCKU5P/core_dbg_bridge.git/example_microzed/async_div.vhd:60]
INFO: [Synth 8-113] binding component instance 'FDCE_inst' to cell 'FDCE' [/nvme/safe/FPGA/XILINX/XCKU5P/core_dbg_bridge.git/example_microzed/async_div.vhd:60]
INFO: [Synth 8-113] binding component instance 'FDCE_inst' to cell 'FDCE' [/nvme/safe/FPGA/XILINX/XCKU5P/core_dbg_bridge.git/example_microzed/async_div.vhd:60]
INFO: [Synth 8-113] binding component instance 'FDCE_inst' to cell 'FDCE' [/nvme/safe/FPGA/XILINX/XCKU5P/core_dbg_bridge.git/example_microzed/async_div.vhd:60]
INFO: [Synth 8-113] binding component instance 'FDCE_inst' to cell 'FDCE' [/nvme/safe/FPGA/XILINX/XCKU5P/core_dbg_bridge.git/example_microzed/async_div.vhd:60]
INFO: [Synth 8-113] binding component instance 'FDCE_inst' to cell 'FDCE' [/nvme/safe/FPGA/XILINX/XCKU5P/core_dbg_bridge.git/example_microzed/async_div.vhd:60]
INFO: [Synth 8-113] binding component instance 'FDCE_inst' to cell 'FDCE' [/nvme/safe/FPGA/XILINX/XCKU5P/core_dbg_bridge.git/example_microzed/async_div.vhd:60]
INFO: [Synth 8-113] binding component instance 'FDCE_inst' to cell 'FDCE' [/nvme/safe/FPGA/XILINX/XCKU5P/core_dbg_bridge.git/example_microzed/async_div.vhd:60]
INFO: [Synth 8-113] binding component instance 'FDCE_inst' to cell 'FDCE' [/nvme/safe/FPGA/XILINX/XCKU5P/core_dbg_bridge.git/example_microzed/async_div.vhd:60]
INFO: [Synth 8-113] binding component instance 'FDCE_inst' to cell 'FDCE' [/nvme/safe/FPGA/XILINX/XCKU5P/core_dbg_bridge.git/example_microzed/async_div.vhd:60]
INFO: [Synth 8-113] binding component instance 'FDCE_inst' to cell 'FDCE' [/nvme/safe/FPGA/XILINX/XCKU5P/core_dbg_bridge.git/example_microzed/async_div.vhd:60]
INFO: [Synth 8-113] binding component instance 'FDCE_inst' to cell 'FDCE' [/nvme/safe/FPGA/XILINX/XCKU5P/core_dbg_bridge.git/example_microzed/async_div.vhd:60]
INFO: [Synth 8-113] binding component instance 'FDCE_inst' to cell 'FDCE' [/nvme/safe/FPGA/XILINX/XCKU5P/core_dbg_bridge.git/example_microzed/async_div.vhd:60]
INFO: [Synth 8-256] done synthesizing module 'async_div' (0#1) [/nvme/safe/FPGA/XILINX/XCKU5P/core_dbg_bridge.git/example_microzed/async_div.vhd:40]
	Parameter PROG_USR bound to: FALSE - type: string 
	Parameter SIM_CCLK_FREQ bound to: 0.000000e+00 - type: double 
INFO: [Synth 8-113] binding component instance 'STARTUPE2_inst' to cell 'STARTUPE2' [/nvme/safe/FPGA/XILINX/XCKU5P/core_dbg_bridge.git/example_microzed/blink.vhd:51]
INFO: [Synth 8-256] done synthesizing module 'blink' (0#1) [/nvme/safe/FPGA/XILINX/XCKU5P/core_dbg_bridge.git/example_microzed/blink.vhd:30]
---------------------------------------------------------------------------------
Finished Synthesize : Time (s): cpu = 00:00:10 ; elapsed = 00:00:10 . Memory (MB): peak = 2937.855 ; gain = 575.512 ; free physical = 14592 ; free virtual = 196391
---------------------------------------------------------------------------------
---------------------------------------------------------------------------------
Finished Constraint Validation : Time (s): cpu = 00:00:11 ; elapsed = 00:00:11 . Memory (MB): peak = 2955.668 ; gain = 593.324 ; free physical = 14585 ; free virtual = 196384
---------------------------------------------------------------------------------
---------------------------------------------------------------------------------
Start Loading Part and Timing Information
---------------------------------------------------------------------------------
Loading part: xc7z020clg400-1
---------------------------------------------------------------------------------
INFO: [Device 21-403] Loading part xc7z020clg400-1
Finished Loading Part and Timing Information : Time (s): cpu = 00:00:11 ; elapsed = 00:00:11 . Memory (MB): peak = 2955.668 ; gain = 593.324 ; free physical = 14580 ; free virtual = 196378
---------------------------------------------------------------------------------
---------------------------------------------------------------------------------
Finished RTL Optimization Phase 2 : Time (s): cpu = 00:00:11 ; elapsed = 00:00:12 . Memory (MB): peak = 2964.574 ; gain = 602.230 ; free physical = 14562 ; free virtual = 196363
---------------------------------------------------------------------------------
No constraint files found.
---------------------------------------------------------------------------------
Start RTL Component Statistics 
---------------------------------------------------------------------------------
Detailed RTL Component Info : 
---------------------------------------------------------------------------------
Finished RTL Component Statistics 
---------------------------------------------------------------------------------
---------------------------------------------------------------------------------
Start Part Resource Summary
---------------------------------------------------------------------------------
Part Resources:
DSPs: 220 (col length:60)
BRAMs: 280 (col length: RAMB18 60 RAMB36 30)
---------------------------------------------------------------------------------
Finished Part Resource Summary
---------------------------------------------------------------------------------
No constraint files found.
---------------------------------------------------------------------------------
Start Cross Boundary and Area Optimization
---------------------------------------------------------------------------------
---------------------------------------------------------------------------------
Finished Cross Boundary and Area Optimization : Time (s): cpu = 00:00:17 ; elapsed = 00:00:18 . Memory (MB): peak = 3098.590 ; gain = 736.246 ; free physical = 14510 ; free virtual = 196337
---------------------------------------------------------------------------------
No constraint files found.
---------------------------------------------------------------------------------
Start Timing Optimization
---------------------------------------------------------------------------------
---------------------------------------------------------------------------------
Finished Timing Optimization : Time (s): cpu = 00:00:17 ; elapsed = 00:00:18 . Memory (MB): peak = 3113.465 ; gain = 751.121 ; free physical = 14520 ; free virtual = 196347
---------------------------------------------------------------------------------
---------------------------------------------------------------------------------
Start Technology Mapping
---------------------------------------------------------------------------------
---------------------------------------------------------------------------------
Finished Technology Mapping : Time (s): cpu = 00:00:17 ; elapsed = 00:00:18 . Memory (MB): peak = 3113.465 ; gain = 751.121 ; free physical = 14516 ; free virtual = 196343
---------------------------------------------------------------------------------
---------------------------------------------------------------------------------
Start IO Insertion
---------------------------------------------------------------------------------
---------------------------------------------------------------------------------
Start Flattening Before IO Insertion
---------------------------------------------------------------------------------
---------------------------------------------------------------------------------
Finished Flattening Before IO Insertion
---------------------------------------------------------------------------------
---------------------------------------------------------------------------------
Start Final Netlist Cleanup
---------------------------------------------------------------------------------
---------------------------------------------------------------------------------
Finished Final Netlist Cleanup
---------------------------------------------------------------------------------
CRITICAL WARNING: [Synth 8-5397] Deprecated attribute BUFFER_TYPE found on pin Q. Please use IO_BUFFER_TYPE or CLOCK_BUFFER_TYPE. BUFFER_TYPE will not be supported in future releases. [/nvme/safe/FPGA/XILINX/XCKU5P/core_dbg_bridge.git/example_microzed/async_div.vhd:60]
---------------------------------------------------------------------------------
Finished IO Insertion : Time (s): cpu = 00:00:23 ; elapsed = 00:00:24 . Memory (MB): peak = 3290.277 ; gain = 927.934 ; free physical = 14298 ; free virtual = 196126
---------------------------------------------------------------------------------
---------------------------------------------------------------------------------
Start Renaming Generated Instances
---------------------------------------------------------------------------------
---------------------------------------------------------------------------------
Finished Renaming Generated Instances : Time (s): cpu = 00:00:23 ; elapsed = 00:00:24 . Memory (MB): peak = 3290.277 ; gain = 927.934 ; free physical = 14298 ; free virtual = 196126
---------------------------------------------------------------------------------
---------------------------------------------------------------------------------
Start Rebuilding User Hierarchy
---------------------------------------------------------------------------------
---------------------------------------------------------------------------------
Finished Rebuilding User Hierarchy : Time (s): cpu = 00:00:23 ; elapsed = 00:00:24 . Memory (MB): peak = 3290.277 ; gain = 927.934 ; free physical = 14298 ; free virtual = 196126
---------------------------------------------------------------------------------
---------------------------------------------------------------------------------
Start Renaming Generated Ports
---------------------------------------------------------------------------------
---------------------------------------------------------------------------------
Finished Renaming Generated Ports : Time (s): cpu = 00:00:23 ; elapsed = 00:00:24 . Memory (MB): peak = 3290.277 ; gain = 927.934 ; free physical = 14298 ; free virtual = 196126
---------------------------------------------------------------------------------
---------------------------------------------------------------------------------
Start Handling Custom Attributes
---------------------------------------------------------------------------------
---------------------------------------------------------------------------------
Finished Handling Custom Attributes : Time (s): cpu = 00:00:23 ; elapsed = 00:00:24 . Memory (MB): peak = 3290.277 ; gain = 927.934 ; free physical = 14298 ; free virtual = 196126
---------------------------------------------------------------------------------
---------------------------------------------------------------------------------
Start Renaming Generated Nets
---------------------------------------------------------------------------------
---------------------------------------------------------------------------------
Finished Renaming Generated Nets : Time (s): cpu = 00:00:23 ; elapsed = 00:00:24 . Memory (MB): peak = 3290.277 ; gain = 927.934 ; free physical = 14298 ; free virtual = 196126
---------------------------------------------------------------------------------
---------------------------------------------------------------------------------
Start Writing Synthesis Report
---------------------------------------------------------------------------------

Report BlackBoxes: 
+-+--------------+----------+
| |BlackBox name |Instances |
+-+--------------+----------+
+-+--------------+----------+

Report Cell Usage: 
+------+----------+------+
|      |Cell      |Count |
+------+----------+------+
|1     |LUT1      |    28|
|2     |PS7       |     1|
|3     |STARTUPE2 |     1|
|4     |FDCE      |    28|
+------+----------+------+

Report Instance Areas: 
+------+----------------+----------+------+
|      |Instance        |Module    |Cells |
+------+----------------+----------+------+
|1     |top             |          |    58|
|2     |  div_led_inst  |async_div |    56|
|3     |  ps7_stub_inst |ps7_stub  |     1|
+------+----------------+----------+------+
---------------------------------------------------------------------------------
Finished Writing Synthesis Report : Time (s): cpu = 00:00:23 ; elapsed = 00:00:24 . Memory (MB): peak = 3290.277 ; gain = 927.934 ; free physical = 14298 ; free virtual = 196126
---------------------------------------------------------------------------------
Synthesis finished with 0 errors, 1 critical warnings and 0 warnings.
Synthesis Optimization Runtime : Time (s): cpu = 00:00:23 ; elapsed = 00:00:24 . Memory (MB): peak = 3290.277 ; gain = 927.934 ; free physical = 14298 ; free virtual = 196126
Synthesis Optimization Complete : Time (s): cpu = 00:00:23 ; elapsed = 00:00:24 . Memory (MB): peak = 3290.285 ; gain = 927.934 ; free physical = 14298 ; free virtual = 196126
INFO: [Project 1-571] Translating synthesized netlist
Netlist sorting complete. Time (s): cpu = 00:00:00.01 ; elapsed = 00:00:00 . Memory (MB): peak = 3304.152 ; gain = 0.000 ; free physical = 14453 ; free virtual = 196281
INFO: [Netlist 29-17] Analyzing 1 Unisim elements for replacement
INFO: [Netlist 29-28] Unisim Transformation completed in 0 CPU seconds
INFO: [Project 1-570] Preparing netlist for logic optimization
INFO: [Opt 31-138] Pushed 0 inverter(s) to 0 load pin(s).
Netlist sorting complete. Time (s): cpu = 00:00:00 ; elapsed = 00:00:00 . Memory (MB): peak = 3411.715 ; gain = 0.000 ; free physical = 14371 ; free virtual = 196209
INFO: [Project 1-111] Unisim Transformation Summary:
No Unisim elements were transformed.

Synth Design complete | Checksum: 5f9f1c46
INFO: [Common 17-83] Releasing license: Synthesis
48 Infos, 0 Warnings, 1 Critical Warnings and 0 Errors encountered.
synth_design completed successfully
synth_design: Time (s): cpu = 00:00:34 ; elapsed = 00:00:31 . Memory (MB): peak = 3411.750 ; gain = 1049.441 ; free physical = 14355 ; free virtual = 196193
INFO: [Common 17-2834] synth_design peak Physical Memory [PSS] (MB): overall = 2597.503; main = 2597.503; forked = 289.703
INFO: [Common 17-2834] synth_design peak Virtual Memory [VSS] (MB): overall = 4157.344; main = 3411.719; forked = 996.875
# write_checkpoint -force $ODIR/post_synth
INFO: [Common 17-1381] The checkpoint '/nvme/safe/FPGA/XILINX/XCKU5P/core_dbg_bridge.git/example_microzed/build/post_synth.dcp' has been generated.
# opt_design -propconst -sweep -retarget -remap
Command: opt_design -propconst -sweep -retarget -remap
Attempting to get a license for feature 'Implementation' and/or device 'xc7z020'
INFO: [Common 17-349] Got license for feature 'Implementation' and/or device 'xc7z020'
Running DRC as a precondition to command opt_design

Starting DRC Task
INFO: [DRC 23-27] Running DRC with 8 threads
INFO: [Project 1-461] DRC finished with 0 Errors
INFO: [Project 1-462] Please refer to the DRC report (report_drc) for more information.

Time (s): cpu = 00:00:00.86 ; elapsed = 00:00:00.87 . Memory (MB): peak = 3459.738 ; gain = 32.016 ; free physical = 14378 ; free virtual = 196216

Starting Logic Optimization Task

Phase 1 Initialization

Phase 1.1 Core Generation And Design Setup
Phase 1.1 Core Generation And Design Setup | Checksum: aa63291b

Time (s): cpu = 00:00:00.01 ; elapsed = 00:00:00 . Memory (MB): peak = 3459.738 ; gain = 0.000 ; free physical = 14345 ; free virtual = 196183

Phase 1.2 Setup Constraints And Sort Netlist
Phase 1.2 Setup Constraints And Sort Netlist | Checksum: aa63291b

Time (s): cpu = 00:00:00.01 ; elapsed = 00:00:00.01 . Memory (MB): peak = 3459.738 ; gain = 0.000 ; free physical = 14345 ; free virtual = 196183
Phase 1 Initialization | Checksum: aa63291b

Time (s): cpu = 00:00:00.01 ; elapsed = 00:00:00.01 . Memory (MB): peak = 3459.738 ; gain = 0.000 ; free physical = 14345 ; free virtual = 196183

Phase 2 Timer Update And Timing Data Collection

Phase 2.1 Detect if minReqCache needed
Phase 2.1 Detect if minReqCache needed | Checksum: aa63291b

Time (s): cpu = 00:00:00.01 ; elapsed = 00:00:00.01 . Memory (MB): peak = 3459.738 ; gain = 0.000 ; free physical = 14344 ; free virtual = 196182

Phase 2.2 Timer Update
INFO: [Timing 38-35] Done setting XDC timing constraints.
Phase 2.2 Timer Update | Checksum: aa63291b

Time (s): cpu = 00:00:08 ; elapsed = 00:00:08 . Memory (MB): peak = 3533.645 ; gain = 73.906 ; free physical = 14203 ; free virtual = 196063
Phase 2 Timer Update And Timing Data Collection | Checksum: aa63291b

Time (s): cpu = 00:00:08 ; elapsed = 00:00:09 . Memory (MB): peak = 3533.645 ; gain = 73.906 ; free physical = 14203 ; free virtual = 196063

Phase 3 Retarget
INFO: [Opt 31-1851] Number of loadless carry chains removed were: 0
INFO: [Opt 31-1834] Total Chains To Be Transformed Were: 0 AND Number of Transformed insts Created are: 0
INFO: [Opt 31-138] Pushed 0 inverter(s) to 0 load pin(s).
INFO: [Opt 31-49] Retargeted 0 cell(s).
Phase 3 Retarget | Checksum: aa63291b

Time (s): cpu = 00:00:08 ; elapsed = 00:00:09 . Memory (MB): peak = 3533.645 ; gain = 73.906 ; free physical = 14199 ; free virtual = 196059
Retarget | Checksum: aa63291b
INFO: [Opt 31-389] Phase Retarget created 0 cells and removed 0 cells

Phase 4 Constant propagation
INFO: [Opt 31-138] Pushed 0 inverter(s) to 0 load pin(s).
Phase 4 Constant propagation | Checksum: aa63291b

Time (s): cpu = 00:00:08 ; elapsed = 00:00:09 . Memory (MB): peak = 3533.645 ; gain = 73.906 ; free physical = 14206 ; free virtual = 196066
Constant propagation | Checksum: aa63291b
INFO: [Opt 31-389] Phase Constant propagation created 0 cells and removed 0 cells

Phase 5 Sweep
INFO: [Constraints 18-11670] Building netlist checker database with flags, 0x8
Done building netlist checker database: Time (s): cpu = 00:00:00 ; elapsed = 00:00:00 . Memory (MB): peak = 3533.645 ; gain = 0.000 ; free physical = 14215 ; free virtual = 196075
Phase 5 Sweep | Checksum: 1353dc7cd

Time (s): cpu = 00:00:08 ; elapsed = 00:00:09 . Memory (MB): peak = 3533.645 ; gain = 73.906 ; free physical = 14215 ; free virtual = 196075
Sweep | Checksum: 1353dc7cd
INFO: [Opt 31-389] Phase Sweep created 0 cells and removed 0 cells

Phase 6 Remap
Phase 6 Remap | Checksum: 1353dc7cd

Time (s): cpu = 00:00:08 ; elapsed = 00:00:09 . Memory (MB): peak = 3533.645 ; gain = 73.906 ; free physical = 14215 ; free virtual = 196075
Remap | Checksum: 1353dc7cd
INFO: [Opt 31-389] Phase Remap created 0 cells and removed 0 cells

Phase 7 Post Processing Netlist
Phase 7 Post Processing Netlist | Checksum: 1353dc7cd

Time (s): cpu = 00:00:08 ; elapsed = 00:00:09 . Memory (MB): peak = 3533.645 ; gain = 73.906 ; free physical = 14215 ; free virtual = 196075
Post Processing Netlist | Checksum: 1353dc7cd
INFO: [Opt 31-389] Phase Post Processing Netlist created 0 cells and removed 0 cells

Phase 8 Finalization

Phase 8.1 Finalizing Design Cores and Updating Shapes
Phase 8.1 Finalizing Design Cores and Updating Shapes | Checksum: 1353dc7cd

Time (s): cpu = 00:00:08 ; elapsed = 00:00:09 . Memory (MB): peak = 3533.645 ; gain = 73.906 ; free physical = 14203 ; free virtual = 196063

Phase 8.2 Verifying Netlist Connectivity
Phase 8.2 Verifying Netlist Connectivity | Checksum: 1353dc7cd

Time (s): cpu = 00:00:08 ; elapsed = 00:00:09 . Memory (MB): peak = 3533.645 ; gain = 73.906 ; free physical = 14203 ; free virtual = 196063
Phase 8 Finalization | Checksum: 1353dc7cd

Time (s): cpu = 00:00:08 ; elapsed = 00:00:09 . Memory (MB): peak = 3533.645 ; gain = 73.906 ; free physical = 14203 ; free virtual = 196063
Opt_design Change Summary
=========================


---------------------------------------------------------------------------------------------------------------------
|  Phase                    |  #Cells created  |  #Cells Removed  |  #Constrained objects preventing optimizations  |
---------------------------------------------------------------------------------------------------------------------
|  Retarget                 |               0  |               0  |                                              0  |
|  Constant propagation     |               0  |               0  |                                              0  |
|  Sweep                    |               0  |               0  |                                              0  |
|  Remap                    |               0  |               0  |                                              0  |
|  Post Processing Netlist  |               0  |               0  |                                              0  |
---------------------------------------------------------------------------------------------------------------------


Ending Logic Optimization Task | Checksum: 1353dc7cd

Time (s): cpu = 00:00:08 ; elapsed = 00:00:09 . Memory (MB): peak = 3533.645 ; gain = 73.906 ; free physical = 14203 ; free virtual = 196063
Netlist sorting complete. Time (s): cpu = 00:00:00 ; elapsed = 00:00:00 . Memory (MB): peak = 3533.645 ; gain = 0.000 ; free physical = 14187 ; free virtual = 196047
INFO: [Common 17-83] Releasing license: Implementation
17 Infos, 0 Warnings, 0 Critical Warnings and 0 Errors encountered.
opt_design completed successfully
opt_design: Time (s): cpu = 00:00:13 ; elapsed = 00:00:14 . Memory (MB): peak = 3533.645 ; gain = 105.922 ; free physical = 14186 ; free virtual = 196046
# place_design -directive Quick
Command: place_design -directive Quick
Attempting to get a license for feature 'Implementation' and/or device 'xc7z020'
INFO: [Common 17-349] Got license for feature 'Implementation' and/or device 'xc7z020'
INFO: [Common 17-83] Releasing license: Implementation
INFO: [DRC 23-27] Running DRC with 8 threads
INFO: [Vivado_Tcl 4-198] DRC finished with 0 Errors
INFO: [Vivado_Tcl 4-199] Please refer to the DRC report (report_drc) for more information.
INFO: [Timing 38-35] Done setting XDC timing constraints.
INFO: [Vivado_Tcl 4-2302] The placer was invoked with the 'Quick' directive.
Running DRC as a precondition to command place_design
INFO: [DRC 23-27] Running DRC with 8 threads
INFO: [Vivado_Tcl 4-198] DRC finished with 0 Errors
INFO: [Vivado_Tcl 4-199] Please refer to the DRC report (report_drc) for more information.
INFO: [Place 30-611] Multithreading enabled for place_design using a maximum of 8 CPUs

Starting Placer Task

Phase 1 Placer Initialization

Phase 1.1 Placer Initialization Netlist Sorting
Netlist sorting complete. Time (s): cpu = 00:00:00 ; elapsed = 00:00:00 . Memory (MB): peak = 3548.488 ; gain = 0.000 ; free physical = 14183 ; free virtual = 196043
Phase 1.1 Placer Initialization Netlist Sorting | Checksum: 4ac40cd5

Time (s): cpu = 00:00:00.01 ; elapsed = 00:00:00 . Memory (MB): peak = 3548.488 ; gain = 0.000 ; free physical = 14183 ; free virtual = 196043
INFO: [Opt 31-138] Pushed 0 inverter(s) to 0 load pin(s).
Netlist sorting complete. Time (s): cpu = 00:00:00 ; elapsed = 00:00:00 . Memory (MB): peak = 3548.488 ; gain = 0.000 ; free physical = 14182 ; free virtual = 196042

Phase 1.2 IO Placement/ Clock Placement/ Build Placer Device
Phase 1.2 IO Placement/ Clock Placement/ Build Placer Device | Checksum: 163b83b8c

Time (s): cpu = 00:00:00.34 ; elapsed = 00:00:00.22 . Memory (MB): peak = 3636.531 ; gain = 88.043 ; free physical = 14211 ; free virtual = 196071

Phase 1.3 Build Placer Netlist Model
Phase 1.3 Build Placer Netlist Model | Checksum: 1a6646155

Time (s): cpu = 00:00:00.44 ; elapsed = 00:00:00.31 . Memory (MB): peak = 3636.531 ; gain = 88.043 ; free physical = 14214 ; free virtual = 196074

Phase 1.4 Constrain Clocks/Macros
Phase 1.4 Constrain Clocks/Macros | Checksum: 1a6646155

Time (s): cpu = 00:00:00.45 ; elapsed = 00:00:00.32 . Memory (MB): peak = 3636.531 ; gain = 88.043 ; free physical = 14214 ; free virtual = 196074
Phase 1 Placer Initialization | Checksum: 1a6646155

Time (s): cpu = 00:00:00.45 ; elapsed = 00:00:00.33 . Memory (MB): peak = 3636.531 ; gain = 88.043 ; free physical = 14212 ; free virtual = 196072

Phase 2 Global Placement

Phase 2.1 Floorplanning
Phase 2.1 Floorplanning | Checksum: 1a6646155

Time (s): cpu = 00:00:00.46 ; elapsed = 00:00:00.34 . Memory (MB): peak = 3636.531 ; gain = 88.043 ; free physical = 14212 ; free virtual = 196074

Phase 2.2 Update Timing before SLR Path Opt
Phase 2.2 Update Timing before SLR Path Opt | Checksum: 1a6646155

Time (s): cpu = 00:00:00.46 ; elapsed = 00:00:00.34 . Memory (MB): peak = 3636.531 ; gain = 88.043 ; free physical = 14212 ; free virtual = 196074

Phase 2.3 Post-Processing in Floorplanning
Phase 2.3 Post-Processing in Floorplanning | Checksum: 1a6646155

Time (s): cpu = 00:00:00.46 ; elapsed = 00:00:00.34 . Memory (MB): peak = 3636.531 ; gain = 88.043 ; free physical = 14212 ; free virtual = 196074

Phase 2.4 Global Place Phase1
Phase 2.4 Global Place Phase1 | Checksum: 262decd38

Time (s): cpu = 00:00:01 ; elapsed = 00:00:00.72 . Memory (MB): peak = 3660.543 ; gain = 112.055 ; free physical = 14151 ; free virtual = 196011

Phase 2.5 Global Place Phase2
Phase 2.5 Global Place Phase2 | Checksum: 252823cfd

Time (s): cpu = 00:00:02 ; elapsed = 00:00:00.85 . Memory (MB): peak = 3660.543 ; gain = 112.055 ; free physical = 14139 ; free virtual = 195999
Phase 2 Global Placement | Checksum: 252823cfd

Time (s): cpu = 00:00:02 ; elapsed = 00:00:00.85 . Memory (MB): peak = 3660.543 ; gain = 112.055 ; free physical = 14139 ; free virtual = 195999

Phase 3 Detail Placement

Phase 3.1 Commit Multi Column Macros
Phase 3.1 Commit Multi Column Macros | Checksum: 252823cfd

Time (s): cpu = 00:00:02 ; elapsed = 00:00:00.85 . Memory (MB): peak = 3660.543 ; gain = 112.055 ; free physical = 14139 ; free virtual = 195999

Phase 3.2 Commit Most Macros & LUTRAMs
Phase 3.2 Commit Most Macros & LUTRAMs | Checksum: 1a6d72f51

Time (s): cpu = 00:00:02 ; elapsed = 00:00:00.87 . Memory (MB): peak = 3660.543 ; gain = 112.055 ; free physical = 14136 ; free virtual = 195996

Phase 3.3 Area Swap Optimization
Phase 3.3 Area Swap Optimization | Checksum: 214dd5b75

Time (s): cpu = 00:00:02 ; elapsed = 00:00:00.88 . Memory (MB): peak = 3660.543 ; gain = 112.055 ; free physical = 14136 ; free virtual = 195996

Phase 3.4 Pipeline Register Optimization
Phase 3.4 Pipeline Register Optimization | Checksum: 214dd5b75

Time (s): cpu = 00:00:02 ; elapsed = 00:00:00.88 . Memory (MB): peak = 3660.543 ; gain = 112.055 ; free physical = 14136 ; free virtual = 195996

Phase 3.5 Small Shape Detail Placement
Phase 3.5 Small Shape Detail Placement | Checksum: 1baa335df

Time (s): cpu = 00:00:02 ; elapsed = 00:00:01 . Memory (MB): peak = 3660.543 ; gain = 112.055 ; free physical = 14137 ; free virtual = 195997

Phase 3.6 Re-assign LUT pins
Phase 3.6 Re-assign LUT pins | Checksum: 1baa335df

Time (s): cpu = 00:00:02 ; elapsed = 00:00:01 . Memory (MB): peak = 3660.543 ; gain = 112.055 ; free physical = 14137 ; free virtual = 195997

Phase 3.7 Pipeline Register Optimization
Phase 3.7 Pipeline Register Optimization | Checksum: 1baa335df

Time (s): cpu = 00:00:02 ; elapsed = 00:00:01 . Memory (MB): peak = 3660.543 ; gain = 112.055 ; free physical = 14137 ; free virtual = 195997
Phase 3 Detail Placement | Checksum: 1baa335df

Time (s): cpu = 00:00:02 ; elapsed = 00:00:01 . Memory (MB): peak = 3660.543 ; gain = 112.055 ; free physical = 14137 ; free virtual = 195997

Phase 4 Post Placement Optimization and Clean-Up

Phase 4.1 Post Commit Optimization
Phase 4.1 Post Commit Optimization | Checksum: 1baa335df

Time (s): cpu = 00:00:02 ; elapsed = 00:00:01 . Memory (MB): peak = 3660.543 ; gain = 112.055 ; free physical = 14137 ; free virtual = 195997

Phase 4.2 Post Placement Cleanup
Phase 4.2 Post Placement Cleanup | Checksum: 1baa335df

Time (s): cpu = 00:00:02 ; elapsed = 00:00:01 . Memory (MB): peak = 3660.543 ; gain = 112.055 ; free physical = 14137 ; free virtual = 195997

Phase 4.3 Placer Reporting

Phase 4.3.1 Print Estimated Congestion
INFO: [Place 30-612] Post-Placement Estimated Congestion 
 ____________________________________________________
|           | Global Congestion | Short Congestion  |
| Direction | Region Size       | Region Size       |
|___________|___________________|___________________|
|      North|                1x1|                1x1|
|___________|___________________|___________________|
|      South|                1x1|                1x1|
|___________|___________________|___________________|
|       East|                1x1|                1x1|
|___________|___________________|___________________|
|       West|                1x1|                1x1|
|___________|___________________|___________________|

Phase 4.3.1 Print Estimated Congestion | Checksum: 1baa335df

Time (s): cpu = 00:00:02 ; elapsed = 00:00:01 . Memory (MB): peak = 3660.543 ; gain = 112.055 ; free physical = 14137 ; free virtual = 195997
Phase 4.3 Placer Reporting | Checksum: 1baa335df

Time (s): cpu = 00:00:02 ; elapsed = 00:00:01 . Memory (MB): peak = 3660.543 ; gain = 112.055 ; free physical = 14137 ; free virtual = 195997

Phase 4.4 Final Placement Cleanup
Netlist sorting complete. Time (s): cpu = 00:00:00 ; elapsed = 00:00:00 . Memory (MB): peak = 3660.543 ; gain = 0.000 ; free physical = 14137 ; free virtual = 195997

Time (s): cpu = 00:00:02 ; elapsed = 00:00:01 . Memory (MB): peak = 3660.543 ; gain = 112.055 ; free physical = 14137 ; free virtual = 195997
Phase 4 Post Placement Optimization and Clean-Up | Checksum: 13d078b63

Time (s): cpu = 00:00:02 ; elapsed = 00:00:01 . Memory (MB): peak = 3660.543 ; gain = 112.055 ; free physical = 14137 ; free virtual = 195997
Ending Placer Task | Checksum: cb534db1

Time (s): cpu = 00:00:02 ; elapsed = 00:00:01 . Memory (MB): peak = 3660.543 ; gain = 112.055 ; free physical = 14137 ; free virtual = 195997
13 Infos, 0 Warnings, 0 Critical Warnings and 0 Errors encountered.
place_design completed successfully
# phys_opt_design -critical_cell_opt -critical_pin_opt -placement_opt -hold_fix -restruct_opt -retime
Command: phys_opt_design -critical_cell_opt -critical_pin_opt -placement_opt -hold_fix -restruct_opt -retime
Attempting to get a license for feature 'Implementation' and/or device 'xc7z020'
INFO: [Common 17-349] Got license for feature 'Implementation' and/or device 'xc7z020'

Starting Initial Update Timing Task
INFO: [Timing 38-35] Done setting XDC timing constraints.

Time (s): cpu = 00:00:00.08 ; elapsed = 00:00:00.05 . Memory (MB): peak = 3660.543 ; gain = 0.000 ; free physical = 14144 ; free virtual = 196004
INFO: [Vivado_Tcl 4-235] No timing constraint found. The netlist was not modified.
INFO: [Common 17-83] Releasing license: Implementation
4 Infos, 0 Warnings, 0 Critical Warnings and 0 Errors encountered.
phys_opt_design completed successfully
# power_opt_design
Command: power_opt_design
Attempting to get a license for feature 'Implementation' and/or device 'xc7z020'
INFO: [Common 17-349] Got license for feature 'Implementation' and/or device 'xc7z020'
Begin power optimizations | Checksum: 1b5cd08a9
INFO: [Pwropt 34-50] Optimizing power for module blink ...
INFO: [Pwropt 34-207] Design is in post-place state. Running in post-place mode.
Pre-processing: Time (s): cpu = 00:00:00.01 ; elapsed = 00:00:00 . Memory (MB): peak = 3701.535 ; gain = 0.000 ; free physical = 14133 ; free virtual = 195993
INFO: [Pwropt 34-9] Applying IDT optimizations ...
IDT: Time (s): cpu = 00:00:00 ; elapsed = 00:00:00 . Memory (MB): peak = 3701.535 ; gain = 0.000 ; free physical = 14133 ; free virtual = 195993
INFO: [Pwropt 34-10] Applying ODC optimizations ...
INFO: [Physopt 32-619] Estimated Timing Summary | WNS=0.000 | TNS=0.000 |
PSMgr Creation: Time (s): cpu = 00:00:00.51 ; elapsed = 00:00:00.45 . Memory (MB): peak = 3741.555 ; gain = 40.020 ; free physical = 14145 ; free virtual = 196006
INFO: [Power 33-23] Power model is not available for STARTUPE2_inst
WARNING: [Power 33-198] PS7 POWER property is not specified on the PS7 instance. Power reported will not be accurate.
WARNING: [Power 33-232] No user defined clocks were found in the design! Power estimation will be inaccurate until this is corrected.
Resolution: Please specify clocks using create_clock/create_generated_clock for sequential elements. For pure combinatorial circuits, please specify a virtual clock, otherwise the vectorless estimation might be inaccurate
Running Vector-less Activity Propagation...

Finished Running Vector-less Activity Propagation
INFO: [Pwropt 34-215] Skipped ODC enables for 0 nets in BRAM flops in bus-based analysis.
INFO: [Pwropt 34-214] Skipped ODC enables for 0 nets in BRAM address flops in bus-based analysis.
ODC: Time (s): cpu = 00:00:00.87 ; elapsed = 00:00:00.61 . Memory (MB): peak = 3845.625 ; gain = 144.090 ; free physical = 14068 ; free virtual = 195928
Power optimization passes: Time (s): cpu = 00:00:00.88 ; elapsed = 00:00:00.62 . Memory (MB): peak = 3845.625 ; gain = 144.090 ; free physical = 14066 ; free virtual = 195926

INFO: [Pwropt 34-77] Creating clock enable groups ...
INFO: [Pwropt 34-96] Including small groups for filtering based on enable probabilities.
 Done
Grouping enables: Time (s): cpu = 00:00:00.01 ; elapsed = 00:00:00 . Memory (MB): peak = 3845.625 ; gain = 0.000 ; free physical = 14066 ; free virtual = 195926


Starting PowerOpt Patch Enables Task
INFO: [Pwropt 34-26] Patching clock gating enable signals for design blink ...
INFO: [Pwropt 34-162] WRITE_MODE attribute of 0 BRAM(s) out of a total of 0 has been updated to save power. Run report_power_opt to get a complete listing of the BRAMs updated.
INFO: [Pwropt 34-201] Structural ODC has moved 0 WE to EN ports

Number of Slice Registers augmented: 0 newly gated: 0 Total: 28
Number of SRLs augmented: 0  newly gated: 0 Total: 0
Number of BRAM Ports augmented: 0 newly gated: 0 Total Ports: 0
Number of Flops added for Enable Generation: 0

Flops dropped: 0/0 RAMS dropped: 0/0 Clusters dropped: 0/0 Enables dropped: 0

Number of LUTs created for enable logic : 
    LUT1 : 0
    LUT2 : 0
    LUT3 : 0
    LUT4 : 0
    LUT5 : 0
    LUT6 : 0

Patching clock gating enables finished successfully.
Ending PowerOpt Patch Enables Task | Checksum: 1b5cd08a9

Time (s): cpu = 00:00:00.02 ; elapsed = 00:00:00.02 . Memory (MB): peak = 3845.625 ; gain = 0.000 ; free physical = 14066 ; free virtual = 195926
INFO: [Pwropt 34-30] Power optimization finished successfully.
Netlist sorting complete. Time (s): cpu = 00:00:00 ; elapsed = 00:00:00 . Memory (MB): peak = 3845.625 ; gain = 0.000 ; free physical = 14065 ; free virtual = 195926
End power optimizations | Checksum: 1b5cd08a9
Power optimization: Time (s): cpu = 00:00:00.98 ; elapsed = 00:00:00.73 . Memory (MB): peak = 3845.625 ; gain = 185.082 ; free physical = 14065 ; free virtual = 195925
INFO: [Pwropt 34-198] Malloced memory gain at end of power optimization: -2031448 bytes

Starting Netlist Obfuscation Task
Netlist sorting complete. Time (s): cpu = 00:00:00 ; elapsed = 00:00:00 . Memory (MB): peak = 3845.625 ; gain = 0.000 ; free physical = 14065 ; free virtual = 195925
Ending Netlist Obfuscation Task | Checksum: 1b5cd08a9

Time (s): cpu = 00:00:00 ; elapsed = 00:00:00 . Memory (MB): peak = 3845.625 ; gain = 0.000 ; free physical = 14065 ; free virtual = 195925
INFO: [Common 17-83] Releasing license: Implementation
17 Infos, 2 Warnings, 0 Critical Warnings and 0 Errors encountered.
power_opt_design completed successfully
# write_checkpoint -force $ODIR/post_place
Wrote PlaceDB: Time (s): cpu = 00:00:00 ; elapsed = 00:00:00 . Memory (MB): peak = 3845.625 ; gain = 0.000 ; free physical = 14064 ; free virtual = 195924
Write ShapeDB Complete: Time (s): cpu = 00:00:00 ; elapsed = 00:00:00 . Memory (MB): peak = 3845.625 ; gain = 0.000 ; free physical = 14064 ; free virtual = 195924
Wrote PulsedLatchDB: Time (s): cpu = 00:00:00 ; elapsed = 00:00:00 . Memory (MB): peak = 3845.625 ; gain = 0.000 ; free physical = 14064 ; free virtual = 195924
Writing XDEF routing.
Writing XDEF routing logical nets.
Writing XDEF routing special nets.
Wrote RouteStorage: Time (s): cpu = 00:00:00.11 ; elapsed = 00:00:00.09 . Memory (MB): peak = 3845.625 ; gain = 0.000 ; free physical = 14046 ; free virtual = 195906
Wrote PlaceStorage: Time (s): cpu = 00:00:00.02 ; elapsed = 00:00:00.02 . Memory (MB): peak = 3845.625 ; gain = 0.000 ; free physical = 14045 ; free virtual = 195906
Wrote Netlist Cache: Time (s): cpu = 00:00:00 ; elapsed = 00:00:00 . Memory (MB): peak = 3845.625 ; gain = 0.000 ; free physical = 14044 ; free virtual = 195905
Wrote Device Cache: Time (s): cpu = 00:00:00.02 ; elapsed = 00:00:00.02 . Memory (MB): peak = 3845.625 ; gain = 0.000 ; free physical = 14057 ; free virtual = 195919
Write Physdb Complete: Time (s): cpu = 00:00:00.15 ; elapsed = 00:00:00.13 . Memory (MB): peak = 3845.625 ; gain = 0.000 ; free physical = 14054 ; free virtual = 195916
INFO: [Common 17-1381] The checkpoint '/nvme/safe/FPGA/XILINX/XCKU5P/core_dbg_bridge.git/example_microzed/build/post_place.dcp' has been generated.
# route_design -directive Quick
Command: route_design -directive Quick
Attempting to get a license for feature 'Implementation' and/or device 'xc7z020'
INFO: [Common 17-349] Got license for feature 'Implementation' and/or device 'xc7z020'


Starting Routing Task
INFO: [Route 35-270] Using Router directive 'Quick'.
INFO: [Route 35-254] Multithreading enabled for route_design using a maximum of 8 CPUs

Phase 1 Build RT Design
Checksum: PlaceDB: b559dac1 ConstDB: 0 ShapeSum: 0 RouteDB: 15f972f0
Post Restoration Checksum: NetGraph: 52d90e66 | NumContArr: 194aeea7 | Constraints: c2a8fa9d | Timing: c2a8fa9d
Phase 1 Build RT Design | Checksum: 1f175f247

Time (s): cpu = 00:00:16 ; elapsed = 00:00:14 . Memory (MB): peak = 3845.625 ; gain = 0.000 ; free physical = 13903 ; free virtual = 195764

Phase 2 Router Initialization

Phase 2.1 Fix Topology Constraints
Phase 2.1 Fix Topology Constraints | Checksum: 1f175f247

Time (s): cpu = 00:00:16 ; elapsed = 00:00:14 . Memory (MB): peak = 3845.625 ; gain = 0.000 ; free physical = 13916 ; free virtual = 195777

Phase 2.2 Pre Route Cleanup
Phase 2.2 Pre Route Cleanup | Checksum: 1f175f247

Time (s): cpu = 00:00:16 ; elapsed = 00:00:14 . Memory (MB): peak = 3845.625 ; gain = 0.000 ; free physical = 13916 ; free virtual = 195777
 Number of Nodes with overlaps = 0

Router Utilization Summary
  Global Vertical Routing Utilization    = 0 %
  Global Horizontal Routing Utilization  = 0 %
  Routable Net Status*
  *Does not include unroutable nets such as driverless and loadless.
  Run report_route_status for detailed report.
  Number of Failed Nets               = 30
    (Failed Nets is the sum of unrouted and partially routed nets)
  Number of Unrouted Nets             = 30
  Number of Partially Routed Nets     = 0
  Number of Node Overlaps             = 0

Phase 2 Router Initialization | Checksum: 30761f571

Time (s): cpu = 00:00:18 ; elapsed = 00:00:14 . Memory (MB): peak = 3845.625 ; gain = 0.000 ; free physical = 13910 ; free virtual = 195771

Phase 3 Global Routing
Phase 3 Global Routing | Checksum: 30761f571

Time (s): cpu = 00:00:18 ; elapsed = 00:00:14 . Memory (MB): peak = 3845.625 ; gain = 0.000 ; free physical = 13910 ; free virtual = 195771

Phase 4 Initial Routing

Phase 4.1 Initial Net Routing Pass
Phase 4.1 Initial Net Routing Pass | Checksum: 2985895a5

Time (s): cpu = 00:00:18 ; elapsed = 00:00:14 . Memory (MB): peak = 3845.625 ; gain = 0.000 ; free physical = 13927 ; free virtual = 195789
Phase 4 Initial Routing | Checksum: 2985895a5

Time (s): cpu = 00:00:18 ; elapsed = 00:00:14 . Memory (MB): peak = 3845.625 ; gain = 0.000 ; free physical = 13926 ; free virtual = 195788

Phase 5 Rip-up And Reroute

Phase 5.1 Global Iteration 0
 Number of Nodes with overlaps = 0
Phase 5.1 Global Iteration 0 | Checksum: 2a0deb42b

Time (s): cpu = 00:00:18 ; elapsed = 00:00:14 . Memory (MB): peak = 3845.625 ; gain = 0.000 ; free physical = 13933 ; free virtual = 195794
Phase 5 Rip-up And Reroute | Checksum: 2a0deb42b

Time (s): cpu = 00:00:18 ; elapsed = 00:00:14 . Memory (MB): peak = 3845.625 ; gain = 0.000 ; free physical = 13933 ; free virtual = 195794

Phase 6 Delay and Skew Optimization
Phase 6 Delay and Skew Optimization | Checksum: 2a0deb42b

Time (s): cpu = 00:00:18 ; elapsed = 00:00:14 . Memory (MB): peak = 3845.625 ; gain = 0.000 ; free physical = 13933 ; free virtual = 195794

Phase 7 Post Hold Fix

Phase 7.1 Hold Fix Iter
Phase 7.1 Hold Fix Iter | Checksum: 2a0deb42b

Time (s): cpu = 00:00:18 ; elapsed = 00:00:14 . Memory (MB): peak = 3845.625 ; gain = 0.000 ; free physical = 13933 ; free virtual = 195794
Phase 7 Post Hold Fix | Checksum: 2a0deb42b

Time (s): cpu = 00:00:18 ; elapsed = 00:00:14 . Memory (MB): peak = 3845.625 ; gain = 0.000 ; free physical = 13932 ; free virtual = 195794

Phase 8 Route finalize

Router Utilization Summary
  Global Vertical Routing Utilization    = 0.000776639 %
  Global Horizontal Routing Utilization  = 0.00236646 %
  Routable Net Status*
  *Does not include unroutable nets such as driverless and loadless.
  Run report_route_status for detailed report.
  Number of Failed Nets               = 0
    (Failed Nets is the sum of unrouted and partially routed nets)
  Number of Unrouted Nets             = 0
  Number of Partially Routed Nets     = 0
  Number of Node Overlaps             = 0


--GLOBAL Congestion:
Utilization threshold used for congestion level computation: 0.85
Congestion Report
North Dir 1x1 Area, Max Cong = 1.8018%, No Congested Regions.
South Dir 1x1 Area, Max Cong = 3.6036%, No Congested Regions.
East Dir 1x1 Area, Max Cong = 2.94118%, No Congested Regions.
West Dir 1x1 Area, Max Cong = 4.41176%, No Congested Regions.

------------------------------
Reporting congestion hotspots
------------------------------
Direction: North
----------------
Congested clusters found at Level 0
Effective congestion level: 0 Aspect Ratio: 1 Sparse Ratio: 0
Direction: South
----------------
Congested clusters found at Level 0
Effective congestion level: 0 Aspect Ratio: 1 Sparse Ratio: 0
Direction: East
----------------
Congested clusters found at Level 0
Effective congestion level: 0 Aspect Ratio: 1 Sparse Ratio: 0
Direction: West
----------------
Congested clusters found at Level 0
Effective congestion level: 0 Aspect Ratio: 1 Sparse Ratio: 0

Phase 8 Route finalize | Checksum: 2a0deb42b

Time (s): cpu = 00:00:18 ; elapsed = 00:00:14 . Memory (MB): peak = 3845.625 ; gain = 0.000 ; free physical = 13929 ; free virtual = 195790

Phase 9 Verifying routed nets

 Verification completed successfully
Phase 9 Verifying routed nets | Checksum: 2a0deb42b

Time (s): cpu = 00:00:18 ; elapsed = 00:00:14 . Memory (MB): peak = 3845.625 ; gain = 0.000 ; free physical = 13928 ; free virtual = 195790

Phase 10 Depositing Routes
Phase 10 Depositing Routes | Checksum: 2bd36ea7e

Time (s): cpu = 00:00:18 ; elapsed = 00:00:14 . Memory (MB): peak = 3845.625 ; gain = 0.000 ; free physical = 13924 ; free virtual = 195785

Phase 11 Post Process Routing
Phase 11 Post Process Routing | Checksum: 2bd36ea7e

Time (s): cpu = 00:00:18 ; elapsed = 00:00:14 . Memory (MB): peak = 3845.625 ; gain = 0.000 ; free physical = 13924 ; free virtual = 195785
Total Elapsed time in route_design: 14.46 secs

Phase 12 Post-Route Event Processing
Phase 12 Post-Route Event Processing | Checksum: 18a74a764

Time (s): cpu = 00:00:18 ; elapsed = 00:00:14 . Memory (MB): peak = 3845.625 ; gain = 0.000 ; free physical = 13936 ; free virtual = 195798
INFO: [Route 35-16] Router Completed Successfully
Ending Routing Task | Checksum: 18a74a764

Time (s): cpu = 00:00:18 ; elapsed = 00:00:15 . Memory (MB): peak = 3845.625 ; gain = 0.000 ; free physical = 13936 ; free virtual = 195797

Routing Is Done.
INFO: [Common 17-83] Releasing license: Implementation
5 Infos, 0 Warnings, 0 Critical Warnings and 0 Errors encountered.
route_design completed successfully
route_design: Time (s): cpu = 00:00:18 ; elapsed = 00:00:15 . Memory (MB): peak = 3845.625 ; gain = 0.000 ; free physical = 13937 ; free virtual = 195799
# write_checkpoint -force $ODIR/post_route
Wrote PlaceDB: Time (s): cpu = 00:00:00 ; elapsed = 00:00:00 . Memory (MB): peak = 3845.625 ; gain = 0.000 ; free physical = 13937 ; free virtual = 195798
Write ShapeDB Complete: Time (s): cpu = 00:00:00 ; elapsed = 00:00:00 . Memory (MB): peak = 3845.625 ; gain = 0.000 ; free physical = 13937 ; free virtual = 195798
Wrote PulsedLatchDB: Time (s): cpu = 00:00:00 ; elapsed = 00:00:00 . Memory (MB): peak = 3845.625 ; gain = 0.000 ; free physical = 13937 ; free virtual = 195798
Writing XDEF routing.
Writing XDEF routing logical nets.
Writing XDEF routing special nets.
Wrote RouteStorage: Time (s): cpu = 00:00:00.06 ; elapsed = 00:00:00.03 . Memory (MB): peak = 3845.625 ; gain = 0.000 ; free physical = 13937 ; free virtual = 195799
Wrote PlaceStorage: Time (s): cpu = 00:00:00.02 ; elapsed = 00:00:00.02 . Memory (MB): peak = 3845.625 ; gain = 0.000 ; free physical = 13937 ; free virtual = 195799
Wrote Netlist Cache: Time (s): cpu = 00:00:00 ; elapsed = 00:00:00 . Memory (MB): peak = 3845.625 ; gain = 0.000 ; free physical = 13937 ; free virtual = 195799
Wrote Device Cache: Time (s): cpu = 00:00:00.01 ; elapsed = 00:00:00.01 . Memory (MB): peak = 3845.625 ; gain = 0.000 ; free physical = 13935 ; free virtual = 195798
Write Physdb Complete: Time (s): cpu = 00:00:00.09 ; elapsed = 00:00:00.06 . Memory (MB): peak = 3845.625 ; gain = 0.000 ; free physical = 13935 ; free virtual = 195798
INFO: [Common 17-1381] The checkpoint '/nvme/safe/FPGA/XILINX/XCKU5P/core_dbg_bridge.git/example_microzed/build/post_route.dcp' has been generated.
# report_timing -no_header -path_type summary -max_paths 1000 -slack_lesser_than 0 -setup
INFO: [Timing 38-91] UpdateTimingParams: Speed grade: -1, Delay Type: max.
INFO: [Timing 38-191] Multithreading enabled for timing update using a maximum of 8 CPUs
INFO: [Timing 38-78] ReportTimingParams: -max_paths 1000 -nworst 1 -delay_type max -sort_by slack.
INFO: [Timing 38-72] No paths found.
No timing paths found.


# report_timing -no_header -path_type summary -max_paths 1000 -slack_lesser_than 0 -hold
INFO: [Timing 38-91] UpdateTimingParams: Speed grade: -1, Delay Type: min.
INFO: [Timing 38-191] Multithreading enabled for timing update using a maximum of 8 CPUs
INFO: [Timing 38-78] ReportTimingParams: -max_paths 1000 -nworst 1 -delay_type min -sort_by slack.
INFO: [Timing 38-72] No paths found.
No timing paths found.


# set_property BITSTREAM.GENERAL.COMPRESS True [current_design]
# set_property BITSTREAM.CONFIG.USERID "DEADC0DE" [current_design]
# set_property BITSTREAM.CONFIG.USR_ACCESS TIMESTAMP [current_design]
# set_property BITSTREAM.READBACK.ACTIVERECONFIG Yes [current_design]
# write_bitstream -force -logic_location_file $ODIR/$NAME.bit
Command: write_bitstream -force -logic_location_file ./blink.bit
Attempting to get a license for feature 'Implementation' and/or device 'xc7z020'
INFO: [Common 17-349] Got license for feature 'Implementation' and/or device 'xc7z020'
Running DRC as a precondition to command write_bitstream
INFO: [IP_Flow 19-234] Refreshing IP repositories
INFO: [IP_Flow 19-1704] No user IP repositories specified
INFO: [IP_Flow 19-2313] Loaded Vivado IP repository '/opt/Xilinx/2025.2/data/ip'.
INFO: [DRC 23-27] Running DRC with 8 threads
INFO: [Vivado 12-3199] DRC finished with 0 Errors
INFO: [Vivado 12-3200] Please refer to the DRC report (report_drc) for more information.
Integrating Hard IP ELF/MEM with the PDI.
INFO: [Designutils 20-2272] Running write_bitstream with 8 threads.
Loading data files...
Loading site data...
Loading route data...
Processing options...
Overwriting "TIMESTAMP" with "8A350877" for option USR_ACCESS
TIMESTAMP = Fri Apr 17 16:33:55 2026

Creating bitmap...
Creating bitstream...
Bitstream compression saved 29143328 bits.
Writing bitstream ./blink.bit...
Creating logic location data...
Writing logic location file ./blink.ll...
INFO: [Vivado 12-1842] Bitgen Completed Successfully.
INFO: [Common 17-83] Releasing license: Implementation
10 Infos, 0 Warnings, 0 Critical Warnings and 0 Errors encountered.
write_bitstream completed successfully
write_bitstream: Time (s): cpu = 00:00:12 ; elapsed = 00:00:09 . Memory (MB): peak = 3883.066 ; gain = 37.441 ; free physical = 13953 ; free virtual = 195819
# write_cfgmem -force -interface SMAPx32 -format BIN -disablebitswap \
# 	-loadbit "up 0x0 $ODIR/$NAME.bit" $ODIR/$NAME.bin
Command: write_cfgmem -force -interface SMAPx32 -format BIN -disablebitswap -loadbit {up 0x0 ./blink.bit} ./blink.bin
Creating config memory files...
INFO: [Writecfgmem 68-23] Start address provided has been multiplied by a factor of 4 due to the use of interface SMAPX32.
Creating bitstream load up from address 0x00000000
Loading bitfile ./blink.bit
Memory size is calculated to be 512 KB
Writing file ./blink.bin
Writing log file ./blink.prm
===================================
Configuration Memory information
===================================
File Format        BIN
Interface          SMAPX32
Size               512K
Start Address      0x00000000
End Address        0x0007FFFF

Addr1         Addr2         Date                    File(s)
0x00000000    0x000624D3    Apr 17 16:33:56 2026    ./blink.bit
1 Infos, 0 Warnings, 0 Critical Warnings and 0 Errors encountered.
write_cfgmem completed successfully
# report_clocks
WARNING: [Vivado 12-25344] Design has no clocks defined matching '*'
Copyright 1986-2022 Xilinx, Inc. All Rights Reserved. Copyright 2022-2025 Advanced Micro Devices, Inc. All Rights Reserved.
---------------------------------------------------------------------------------------------------------------------------------------------
| Tool Version : Vivado v.2025.2 (lin64) Build 6299465 Fri Nov 14 12:34:56 MST 2025
| Date         : Fri Apr 17 16:33:57 2026
| Host         : localhost.localdomain running 64-bit Mageia 9
| Command      : report_clocks
| Design       : blink
| Device       : 7z020-clg400
| Speed File   : -1  PRODUCTION 1.12 2019-11-22
| Design State : Routed
---------------------------------------------------------------------------------------------------------------------------------------------

Clock Report


Attributes
  P: Propagated
  G: Generated
  A: Auto-derived
  R: Renamed
  V: Virtual
  I: Inverted
  S: Pin phase-shifted with Latency mode

Clock  Period(ns)  Waveform(ns)  Attributes  Sources


====================================================
Generated Clocks
====================================================



====================================================
User Uncertainty
====================================================



====================================================
User Jitter
====================================================


# report_utilization -hierarchical -file utilization.rpt
# report_clock_utilization -file utilization.rpt -append
# report_datasheet -file datasheet.rpt
INFO: [Timing 38-91] UpdateTimingParams: Speed grade: -1, Delay Type: min_max.
INFO: [Timing 38-191] Multithreading enabled for timing update using a maximum of 8 CPUs
# report_timing_summary -file timing.rpt
INFO: [Timing 38-91] UpdateTimingParams: Speed grade: -1, Delay Type: min_max.
INFO: [Timing 38-191] Multithreading enabled for timing update using a maximum of 8 CPUs
# report_operating_conditions -file conditions.rpt
# report_power -file power.rpt
Command: report_power -file power.rpt
INFO: [Power 33-23] Power model is not available for STARTUPE2_inst
WARNING: [Power 33-198] PS7 POWER property is not specified on the PS7 instance. Power reported will not be accurate.
WARNING: [Power 33-232] No user defined clocks were found in the design! Power estimation will be inaccurate until this is corrected.
Resolution: Please specify clocks using create_clock/create_generated_clock for sequential elements. For pure combinatorial circuits, please specify a virtual clock, otherwise the vectorless estimation might be inaccurate
Running Vector-less Activity Propagation...

Finished Running Vector-less Activity Propagation
1 Infos, 2 Warnings, 0 Critical Warnings and 0 Errors encountered.
report_power completed successfully
# report_timing -no_header -path_type summary -max_paths 1000 -slack_lesser_than 0 -setup
INFO: [Timing 38-91] UpdateTimingParams: Speed grade: -1, Delay Type: max.
INFO: [Timing 38-191] Multithreading enabled for timing update using a maximum of 8 CPUs
INFO: [Timing 38-78] ReportTimingParams: -max_paths 1000 -nworst 1 -delay_type max -sort_by slack.
INFO: [Timing 38-72] No paths found.
No timing paths found.


# report_timing -no_header -path_type summary -max_paths 1000 -slack_lesser_than 0 -hold
INFO: [Timing 38-91] UpdateTimingParams: Speed grade: -1, Delay Type: min.
INFO: [Timing 38-191] Multithreading enabled for timing update using a maximum of 8 CPUs
INFO: [Timing 38-78] ReportTimingParams: -max_paths 1000 -nworst 1 -delay_type min -sort_by slack.
INFO: [Timing 38-72] No paths found.
No timing paths found.


# exit
INFO: [Common 17-206] Exiting Vivado at Fri Apr 17 16:33:59 2026...
